#
# There is insufficient memory for the Java Runtime Environment to continue.
# Native memory allocation (malloc) failed to allocate 1230736 bytes for Chunk::new
# Possible reasons:
#   The system is out of physical RAM or swap space
#   The process is running with CompressedOops enabled, and the Java Heap may be blocking the growth of the native heap
# Possible solutions:
#   Reduce memory load on the system
#   Increase physical memory or swap space
#   Check if swap backing store is full
#   Decrease Java heap size (-Xmx/-Xms)
#   Decrease number of Java threads
#   Decrease Java thread stack sizes (-Xss)
#   Set larger code cache with -XX:ReservedCodeCacheSize=
#   JVM is running with Unscaled Compressed Oops mode in which the Java heap is
#     placed in the first 4GB address space. The Java Heap base address is the
#     maximum limit for the native heap growth. Please use -XX:HeapBaseMinAddress
#     to set the Java Heap base and to place the Java Heap above 4GB virtual address.
# This output file may be truncated or incomplete.
#
#  Out of Memory Error (./src/hotspot/share/memory/arena.cpp:197), pid=7032, tid=14016
#
# JRE version: OpenJDK Runtime Environment (11.0.13) (build 11.0.13+0-b1751.21-8125866)
# Java VM: OpenJDK 64-Bit Server VM (11.0.13+0-b1751.21-8125866, mixed mode, tiered, compressed oops, g1 gc, windows-amd64)
# No core dump will be written. Minidumps are not enabled by default on client versions of Windows
#

---------------  S U M M A R Y ------------

Command Line: --add-opens=java.base/java.util=ALL-UNNAMED --add-opens=java.base/java.lang=ALL-UNNAMED --add-opens=java.base/java.lang.invoke=ALL-UNNAMED --add-opens=java.base/java.util=ALL-UNNAMED --add-opens=java.prefs/java.util.prefs=ALL-UNNAMED --add-opens=java.prefs/java.util.prefs=ALL-UNNAMED --add-opens=java.base/java.nio.charset=ALL-UNNAMED --add-opens=java.base/java.net=ALL-UNNAMED --add-opens=java.base/java.util.concurrent.atomic=ALL-UNNAMED -Xmx2048m -Dfile.encoding=UTF-8 -Duser.country=US -Duser.language=en -Duser.variant org.gradle.launcher.daemon.bootstrap.GradleDaemon 7.4

Host: Intel(R) Core(TM) i7-7500U CPU @ 2.70GHz, 4 cores, 15G,  Windows 10 , 64 bit Build 19041 (10.0.19041.2251)
Time: Thu Dec  8 17:57:10 2022 Eastern Standard Time elapsed time: 18.225681 seconds (0d 0h 0m 18s)

---------------  T H R E A D  ---------------

Current thread (0x00000253a51ad800):  JavaThread "C2 CompilerThread1" daemon [_thread_in_native, id=14016, stack(0x0000008668000000,0x0000008668100000)]


Current CompileTask:
C2:  18225 11124       4       org.gradle.internal.snapshot.impl.AbstractValueProcessor::processValue (745 bytes)

Stack: [0x0000008668000000,0x0000008668100000]
Native frames: (J=compiled Java code, j=interpreted, Vv=VM code, C=native code)
V  [jvm.dll+0x6100fa]
V  [jvm.dll+0x747090]
V  [jvm.dll+0x7486ad]
V  [jvm.dll+0x748d83]
V  [jvm.dll+0x24ab48]
V  [jvm.dll+0xc04dc]
V  [jvm.dll+0xc0a0c]
V  [jvm.dll+0x35eb5b]
V  [jvm.dll+0x32b833]
V  [jvm.dll+0x32ad2a]
V  [jvm.dll+0x2032b2]
V  [jvm.dll+0x202437]
V  [jvm.dll+0x188e01]
V  [jvm.dll+0x21106b]
V  [jvm.dll+0x20f8c1]
V  [jvm.dll+0x70de0f]
V  [jvm.dll+0x706a75]
V  [jvm.dll+0x60ed66]
C  [ucrtbase.dll+0x21bb2]
C  [KERNEL32.DLL+0x174b4]
C  [ntdll.dll+0x526a1]


---------------  P R O C E S S  ---------------

Threads class SMR info:
_java_thread_list=0x00000253a8d593b0, length=88, elements={
0x0000025388a61000, 0x00000253a2dc0800, 0x00000253a2dc5000, 0x00000253a2e1a800,
0x00000253a2e1d000, 0x00000253a2e1f800, 0x00000253a2e24000, 0x00000253a2e26000,
0x00000253a2e2c000, 0x00000253a2f92800, 0x00000253a46bb800, 0x00000253a3065000,
0x00000253a50a1800, 0x00000253a4d47000, 0x00000253a36ee800, 0x00000253a5314000,
0x00000253a4ccd800, 0x00000253a5906800, 0x00000253a490b000, 0x00000253a599b800,
0x00000253a5a10000, 0x00000253a5a16800, 0x00000253a5a15000, 0x00000253a51ad800,
0x00000253a5a16000, 0x00000253a5a11000, 0x00000253a5a11800, 0x00000253a5a12800,
0x00000253a5a13800, 0x00000253a5a14000, 0x00000253a6838000, 0x00000253a6839000,
0x00000253a6837000, 0x00000253a6836800, 0x00000253a6834000, 0x00000253a683a800,
0x00000253a6834800, 0x00000253a683f800, 0x00000253a683b000, 0x00000253a6840000,
0x00000253a683c000, 0x00000253a6842800, 0x00000253a683d000, 0x00000253a6841000,
0x00000253a6842000, 0x00000253a683d800, 0x00000253a683e800, 0x00000253a44e4800,
0x00000253a44e5800, 0x00000253a44e6000, 0x00000253a44e7000, 0x00000253a44e1000,
0x00000253a44e3000, 0x00000253a44e7800, 0x00000253a44e2000, 0x00000253a44e8800,
0x00000253a44e9800, 0x00000253a44e3800, 0x00000253a44ef000, 0x00000253a44f0000,
0x00000253a44ec800, 0x00000253a44ec000, 0x00000253a44ea000, 0x00000253a44eb000,
0x00000253a44ee800, 0x00000253a44ed800, 0x00000253aa3ac800, 0x00000253aa3af000,
0x00000253aa3ab000, 0x00000253aa3ae000, 0x00000253aa3a9800, 0x00000253aa3b0000,
0x00000253aa3aa000, 0x00000253aa3ad800, 0x00000253aa3b0800, 0x00000253aa3ab800,
0x00000253aa3b4800, 0x00000253aa3b7000, 0x00000253aa3b1800, 0x00000253aa3b3000,
0x00000253aa3b4000, 0x00000253a8326000, 0x00000253a8327800, 0x00000253a8328800,
0x00000253a8324800, 0x00000253a8329000, 0x00000253a832a000, 0x00000253a832b000
}

Java Threads: ( => current thread )
  0x0000025388a61000 JavaThread "main" [_thread_blocked, id=13500, stack(0x0000008665f00000,0x0000008666000000)]
  0x00000253a2dc0800 JavaThread "Reference Handler" daemon [_thread_blocked, id=15396, stack(0x0000008666600000,0x0000008666700000)]
  0x00000253a2dc5000 JavaThread "Finalizer" daemon [_thread_blocked, id=15156, stack(0x0000008666700000,0x0000008666800000)]
  0x00000253a2e1a800 JavaThread "Signal Dispatcher" daemon [_thread_blocked, id=4728, stack(0x0000008666800000,0x0000008666900000)]
  0x00000253a2e1d000 JavaThread "Attach Listener" daemon [_thread_blocked, id=672, stack(0x0000008666900000,0x0000008666a00000)]
  0x00000253a2e1f800 JavaThread "Service Thread" daemon [_thread_blocked, id=16024, stack(0x0000008666a00000,0x0000008666b00000)]
  0x00000253a2e24000 JavaThread "C2 CompilerThread0" daemon [_thread_in_native, id=15252, stack(0x0000008666b00000,0x0000008666c00000)]
  0x00000253a2e26000 JavaThread "C1 CompilerThread0" daemon [_thread_blocked, id=9040, stack(0x0000008666c00000,0x0000008666d00000)]
  0x00000253a2e2c000 JavaThread "Sweeper thread" daemon [_thread_blocked, id=16324, stack(0x0000008666d00000,0x0000008666e00000)]
  0x00000253a2f92800 JavaThread "Common-Cleaner" daemon [_thread_blocked, id=10416, stack(0x0000008666e00000,0x0000008666f00000)]
  0x00000253a46bb800 JavaThread "Daemon health stats" [_thread_blocked, id=14384, stack(0x0000008667400000,0x0000008667500000)]
  0x00000253a3065000 JavaThread "Incoming local TCP Connector on port 50988" [_thread_in_native, id=6672, stack(0x0000008667000000,0x0000008667100000)]
  0x00000253a50a1800 JavaThread "Daemon periodic checks" [_thread_blocked, id=8528, stack(0x0000008667500000,0x0000008667600000)]
  0x00000253a4d47000 JavaThread "Daemon" [_thread_blocked, id=8892, stack(0x0000008667600000,0x0000008667700000)]
  0x00000253a36ee800 JavaThread "Handler for socket connection from /127.0.0.1:50988 to /127.0.0.1:50989" [_thread_in_native, id=248, stack(0x0000008667700000,0x0000008667800000)]
  0x00000253a5314000 JavaThread "Cancel handler" [_thread_blocked, id=552, stack(0x0000008667800000,0x0000008667900000)]
  0x00000253a4ccd800 JavaThread "Daemon worker" [_thread_blocked, id=15776, stack(0x0000008667900000,0x0000008667a00000)]
  0x00000253a5906800 JavaThread "Asynchronous log dispatcher for DefaultDaemonConnection: socket connection from /127.0.0.1:50988 to /127.0.0.1:50989" [_thread_blocked, id=15076, stack(0x0000008667a00000,0x0000008667b00000)]
  0x00000253a490b000 JavaThread "Stdin handler" [_thread_blocked, id=7580, stack(0x0000008667b00000,0x0000008667c00000)]
  0x00000253a599b800 JavaThread "Daemon client event forwarder" [_thread_blocked, id=13892, stack(0x0000008667c00000,0x0000008667d00000)]
  0x00000253a5a10000 JavaThread "Cache worker for journal cache (C:\Users\TAJIRZ\.gradle\caches\journal-1)" [_thread_blocked, id=13456, stack(0x0000008667d00000,0x0000008667e00000)]
  0x00000253a5a16800 JavaThread "File lock request listener" [_thread_in_native, id=8616, stack(0x0000008667e00000,0x0000008667f00000)]
  0x00000253a5a15000 JavaThread "Cache worker for file hash cache (C:\Users\TAJIRZ\.gradle\caches\7.4\fileHashes)" [_thread_blocked, id=12216, stack(0x0000008667f00000,0x0000008668000000)]
=>0x00000253a51ad800 JavaThread "C2 CompilerThread1" daemon [_thread_in_native, id=14016, stack(0x0000008668000000,0x0000008668100000)]
  0x00000253a5a16000 JavaThread "File watcher server" daemon [_thread_in_native, id=8488, stack(0x0000008668100000,0x0000008668200000)]
  0x00000253a5a11000 JavaThread "File watcher consumer" daemon [_thread_blocked, id=8764, stack(0x0000008668200000,0x0000008668300000)]
  0x00000253a5a11800 JavaThread "Cache worker for checksums cache (C:\Users\TAJIRZ\Documents\GitHub\FP3125_Developers\.gradle\7.4\checksums)" [_thread_blocked, id=8088, stack(0x0000008668300000,0x0000008668400000)]
  0x00000253a5a12800 JavaThread "Cache worker for cache directory md-rule (C:\Users\TAJIRZ\.gradle\caches\7.4\md-rule)" [_thread_blocked, id=11336, stack(0x0000008668400000,0x0000008668500000)]
  0x00000253a5a13800 JavaThread "Cache worker for file hash cache (C:\Users\TAJIRZ\Documents\GitHub\FP3125_Developers\.gradle\7.4\fileHashes)" [_thread_blocked, id=12860, stack(0x0000008668500000,0x0000008668600000)]
  0x00000253a5a14000 JavaThread "Cache worker for cache directory md-supplier (C:\Users\TAJIRZ\.gradle\caches\7.4\md-supplier)" [_thread_blocked, id=14916, stack(0x0000008668600000,0x0000008668700000)]
  0x00000253a6838000 JavaThread "Cache worker for execution history cache (C:\Users\TAJIRZ\.gradle\caches\7.4\executionHistory)" [_thread_blocked, id=9484, stack(0x0000008668700000,0x0000008668800000)]
  0x00000253a6839000 JavaThread "jar transforms" [_thread_blocked, id=12824, stack(0x0000008668800000,0x0000008668900000)]
  0x00000253a6837000 JavaThread "Cache worker for file content cache (C:\Users\TAJIRZ\.gradle\caches\7.4\fileContent)" [_thread_blocked, id=15208, stack(0x0000008668900000,0x0000008668a00000)]
  0x00000253a6836800 JavaThread "jar transforms Thread 2" [_thread_blocked, id=15284, stack(0x0000008668a00000,0x0000008668b00000)]
  0x00000253a6834000 JavaThread "Cache worker for dependencies-accessors (C:\Users\TAJIRZ\Documents\GitHub\FP3125_Developers\.gradle\7.4\dependencies-accessors)" [_thread_blocked, id=7736, stack(0x0000008668b00000,0x0000008668c00000)]
  0x00000253a683a800 JavaThread "jar transforms Thread 3" [_thread_blocked, id=11420, stack(0x0000008668c00000,0x0000008668d00000)]
  0x00000253a6834800 JavaThread "Cache worker for Build Output Cleanup Cache (C:\Users\TAJIRZ\Documents\GitHub\FP3125_Developers\.gradle\buildOutputCleanup)" [_thread_blocked, id=11316, stack(0x0000008668d00000,0x0000008668e00000)]
  0x00000253a683f800 JavaThread "Unconstrained build operations" [_thread_blocked, id=7904, stack(0x0000008668e00000,0x0000008668f00000)]
  0x00000253a683b000 JavaThread "Unconstrained build operations Thread 2" [_thread_in_native, id=3968, stack(0x0000008668f00000,0x0000008669000000)]
  0x00000253a6840000 JavaThread "Unconstrained build operations Thread 3" [_thread_blocked, id=6360, stack(0x0000008669000000,0x0000008669100000)]
  0x00000253a683c000 JavaThread "Unconstrained build operations Thread 4" [_thread_blocked, id=15876, stack(0x0000008669100000,0x0000008669200000)]
  0x00000253a6842800 JavaThread "Unconstrained build operations Thread 5" [_thread_blocked, id=252, stack(0x0000008669200000,0x0000008669300000)]
  0x00000253a683d000 JavaThread "Unconstrained build operations Thread 6" [_thread_blocked, id=1220, stack(0x0000008669300000,0x0000008669400000)]
  0x00000253a6841000 JavaThread "Unconstrained build operations Thread 7" [_thread_blocked, id=5660, stack(0x0000008669400000,0x0000008669500000)]
  0x00000253a6842000 JavaThread "Unconstrained build operations Thread 8" [_thread_blocked, id=11228, stack(0x0000008669500000,0x0000008669600000)]
  0x00000253a683d800 JavaThread "Unconstrained build operations Thread 9" [_thread_blocked, id=15184, stack(0x0000008669600000,0x0000008669700000)]
  0x00000253a683e800 JavaThread "Unconstrained build operations Thread 10" [_thread_blocked, id=15632, stack(0x0000008669700000,0x0000008669800000)]
  0x00000253a44e4800 JavaThread "Unconstrained build operations Thread 11" [_thread_blocked, id=1060, stack(0x0000008669800000,0x0000008669900000)]
  0x00000253a44e5800 JavaThread "Unconstrained build operations Thread 12" [_thread_blocked, id=2104, stack(0x0000008669900000,0x0000008669a00000)]
  0x00000253a44e6000 JavaThread "Unconstrained build operations Thread 13" [_thread_blocked, id=11112, stack(0x0000008669a00000,0x0000008669b00000)]
  0x00000253a44e7000 JavaThread "Unconstrained build operations Thread 14" [_thread_blocked, id=9388, stack(0x0000008669b00000,0x0000008669c00000)]
  0x00000253a44e1000 JavaThread "Unconstrained build operations Thread 15" [_thread_blocked, id=10904, stack(0x0000008669c00000,0x0000008669d00000)]
  0x00000253a44e3000 JavaThread "Unconstrained build operations Thread 16" [_thread_in_Java, id=13656, stack(0x0000008669d00000,0x0000008669e00000)]
  0x00000253a44e7800 JavaThread "Unconstrained build operations Thread 17" [_thread_blocked, id=8252, stack(0x0000008669e00000,0x0000008669f00000)]
  0x00000253a44e2000 JavaThread "Unconstrained build operations Thread 18" [_thread_blocked, id=8868, stack(0x0000008669f00000,0x000000866a000000)]
  0x00000253a44e8800 JavaThread "Unconstrained build operations Thread 19" [_thread_blocked, id=9224, stack(0x000000866a000000,0x000000866a100000)]
  0x00000253a44e9800 JavaThread "Unconstrained build operations Thread 20" [_thread_blocked, id=1632, stack(0x000000866a100000,0x000000866a200000)]
  0x00000253a44e3800 JavaThread "Unconstrained build operations Thread 21" [_thread_blocked, id=8364, stack(0x000000866a200000,0x000000866a300000)]
  0x00000253a44ef000 JavaThread "Unconstrained build operations Thread 22" [_thread_blocked, id=6232, stack(0x000000866a300000,0x000000866a400000)]
  0x00000253a44f0000 JavaThread "Unconstrained build operations Thread 23" [_thread_blocked, id=2608, stack(0x000000866a400000,0x000000866a500000)]
  0x00000253a44ec800 JavaThread "Unconstrained build operations Thread 24" [_thread_blocked, id=10148, stack(0x000000866a500000,0x000000866a600000)]
  0x00000253a44ec000 JavaThread "Unconstrained build operations Thread 25" [_thread_blocked, id=12096, stack(0x000000866a600000,0x000000866a700000)]
  0x00000253a44ea000 JavaThread "Unconstrained build operations Thread 26" [_thread_blocked, id=16284, stack(0x000000866a700000,0x000000866a800000)]
  0x00000253a44eb000 JavaThread "Unconstrained build operations Thread 27" [_thread_blocked, id=13652, stack(0x000000866a800000,0x000000866a900000)]
  0x00000253a44ee800 JavaThread "Unconstrained build operations Thread 28" [_thread_blocked, id=14168, stack(0x000000866a900000,0x000000866aa00000)]
  0x00000253a44ed800 JavaThread "Unconstrained build operations Thread 29" [_thread_blocked, id=15232, stack(0x000000866aa00000,0x000000866ab00000)]
  0x00000253aa3ac800 JavaThread "Unconstrained build operations Thread 30" [_thread_blocked, id=2676, stack(0x000000866ab00000,0x000000866ac00000)]
  0x00000253aa3af000 JavaThread "Unconstrained build operations Thread 31" [_thread_blocked, id=2620, stack(0x000000866ac00000,0x000000866ad00000)]
  0x00000253aa3ab000 JavaThread "Unconstrained build operations Thread 32" [_thread_blocked, id=15928, stack(0x000000866ad00000,0x000000866ae00000)]
  0x00000253aa3ae000 JavaThread "Unconstrained build operations Thread 33" [_thread_blocked, id=12764, stack(0x000000866ae00000,0x000000866af00000)]
  0x00000253aa3a9800 JavaThread "Unconstrained build operations Thread 34" [_thread_blocked, id=15476, stack(0x000000866af00000,0x000000866b000000)]
  0x00000253aa3b0000 JavaThread "Unconstrained build operations Thread 35" [_thread_blocked, id=6608, stack(0x000000866b000000,0x000000866b100000)]
  0x00000253aa3aa000 JavaThread "Unconstrained build operations Thread 36" [_thread_blocked, id=15104, stack(0x000000866b100000,0x000000866b200000)]
  0x00000253aa3ad800 JavaThread "Unconstrained build operations Thread 37" [_thread_blocked, id=6016, stack(0x000000866b200000,0x000000866b300000)]
  0x00000253aa3b0800 JavaThread "Unconstrained build operations Thread 38" [_thread_blocked, id=12252, stack(0x000000866b300000,0x000000866b400000)]
  0x00000253aa3ab800 JavaThread "Unconstrained build operations Thread 39" [_thread_blocked, id=13908, stack(0x000000866b400000,0x000000866b500000)]
  0x00000253aa3b4800 JavaThread "Unconstrained build operations Thread 40" [_thread_blocked, id=5152, stack(0x000000866b500000,0x000000866b600000)]
  0x00000253aa3b7000 JavaThread "jar transforms Thread 4" [_thread_blocked, id=3452, stack(0x000000866b600000,0x000000866b700000)]
  0x00000253aa3b1800 JavaThread "Memory manager" [_thread_blocked, id=4188, stack(0x000000866b700000,0x000000866b800000)]
  0x00000253aa3b3000 JavaThread "build event listener" [_thread_blocked, id=15320, stack(0x000000866b800000,0x000000866b900000)]
  0x00000253aa3b4000 JavaThread "included builds" [_thread_blocked, id=13292, stack(0x000000866b900000,0x000000866ba00000)]
  0x00000253a8326000 JavaThread "Execution worker for ':'" [_thread_blocked, id=14748, stack(0x000000866ba00000,0x000000866bb00000)]
  0x00000253a8327800 JavaThread "Execution worker for ':' Thread 2" [_thread_blocked, id=10436, stack(0x000000866bb00000,0x000000866bc00000)]
  0x00000253a8328800 JavaThread "Execution worker for ':' Thread 3" [_thread_blocked, id=11800, stack(0x000000866bc00000,0x000000866bd00000)]
  0x00000253a8324800 JavaThread "Cache worker for execution history cache (C:\Users\TAJIRZ\Documents\GitHub\FP3125_Developers\.gradle\7.4\executionHistory)" [_thread_blocked, id=1792, stack(0x000000866bd00000,0x000000866be00000)]
  0x00000253a8329000 JavaThread "WorkerExecutor Queue" [_thread_blocked, id=8604, stack(0x000000866be00000,0x000000866bf00000)]
  0x00000253a832a000 JavaThread "WorkerExecutor Queue Thread 2" [_thread_in_vm, id=11408, stack(0x000000866bf00000,0x000000866c000000)]
  0x00000253a832b000 JavaThread "WorkerExecutor Queue Thread 3" [_thread_blocked, id=15964, stack(0x000000866c000000,0x000000866c100000)]

Other Threads:
  0x00000253a2593000 VMThread "VM Thread" [stack: 0x0000008666500000,0x0000008666600000] [id=3472]
  0x00000253a2fb6000 WatcherThread [stack: 0x0000008666f00000,0x0000008667000000] [id=12436]
  0x0000025388a7a000 GCTaskThread "GC Thread#0" [stack: 0x0000008666000000,0x0000008666100000] [id=8768]
  0x00000253a3565000 GCTaskThread "GC Thread#1" [stack: 0x0000008667100000,0x0000008667200000] [id=3460]
  0x00000253a372a000 GCTaskThread "GC Thread#2" [stack: 0x0000008667200000,0x0000008667300000] [id=13628]
  0x00000253a36af000 GCTaskThread "GC Thread#3" [stack: 0x0000008667300000,0x0000008667400000] [id=14420]
  0x0000025388aab000 ConcurrentGCThread "G1 Main Marker" [stack: 0x0000008666100000,0x0000008666200000] [id=12572]
  0x0000025388aac000 ConcurrentGCThread "G1 Conc#0" [stack: 0x0000008666200000,0x0000008666300000] [id=4232]
  0x00000253a2406800 ConcurrentGCThread "G1 Refine#0" [stack: 0x0000008666300000,0x0000008666400000] [id=7456]
  0x00000253a2407000 ConcurrentGCThread "G1 Young RemSet Sampling" [stack: 0x0000008666400000,0x0000008666500000] [id=2576]

Threads with active compile tasks:
C2 CompilerThread0  18258 11180       4       java.util.TimSort::binarySort (223 bytes)
C2 CompilerThread1  18258 11124       4       org.gradle.internal.snapshot.impl.AbstractValueProcessor::processValue (745 bytes)

VM state:not at safepoint (normal execution)

VM Mutex/Monitor currently owned by a thread: None

Heap address: 0x0000000080000000, size: 2048 MB, Compressed Oops mode: 32-bit
Narrow klass base: 0x0000000000000000, Narrow klass shift: 3
Compressed class space size: 1073741824 Address: 0x0000000100000000

Heap:
 garbage-first heap   total 305152K, used 144896K [0x0000000080000000, 0x0000000100000000)
  region size 1024K, 78 young (79872K), 5 survivors (5120K)
 Metaspace       used 92211K, capacity 94399K, committed 94504K, reserved 1132544K
  class space    used 11813K, capacity 12667K, committed 12748K, reserved 1048576K
Heap Regions: E=young(eden), S=young(survivor), O=old, HS=humongous(starts), HC=humongous(continues), CS=collection set, F=free, A=archive, TAMS=top-at-mark-start (previous, next)
|   0|0x0000000080000000, 0x0000000080100000, 0x0000000080100000|100%|HS|  |TAMS 0x0000000080100000, 0x0000000080000000| Complete 
|   1|0x0000000080100000, 0x0000000080200000, 0x0000000080200000|100%|HC|  |TAMS 0x0000000080200000, 0x0000000080100000| Complete 
|   2|0x0000000080200000, 0x0000000080300000, 0x0000000080300000|100%|HC|  |TAMS 0x0000000080300000, 0x0000000080200000| Complete 
|   3|0x0000000080300000, 0x0000000080400000, 0x0000000080400000|100%| O|  |TAMS 0x0000000080400000, 0x0000000080300000| Untracked 
|   4|0x0000000080400000, 0x0000000080500000, 0x0000000080500000|100%| O|  |TAMS 0x0000000080500000, 0x0000000080400000| Untracked 
|   5|0x0000000080500000, 0x0000000080600000, 0x0000000080600000|100%| O|  |TAMS 0x0000000080600000, 0x0000000080500000| Untracked 
|   6|0x0000000080600000, 0x0000000080700000, 0x0000000080700000|100%| O|  |TAMS 0x0000000080700000, 0x0000000080600000| Untracked 
|   7|0x0000000080700000, 0x0000000080800000, 0x0000000080800000|100%| O|  |TAMS 0x0000000080800000, 0x0000000080700000| Untracked 
|   8|0x0000000080800000, 0x0000000080900000, 0x0000000080900000|100%| O|  |TAMS 0x0000000080900000, 0x0000000080800000| Untracked 
|   9|0x0000000080900000, 0x0000000080a00000, 0x0000000080a00000|100%| O|  |TAMS 0x0000000080a00000, 0x0000000080900000| Untracked 
|  10|0x0000000080a00000, 0x0000000080b00000, 0x0000000080b00000|100%| O|  |TAMS 0x0000000080b00000, 0x0000000080a00000| Untracked 
|  11|0x0000000080b00000, 0x0000000080c00000, 0x0000000080c00000|100%| O|  |TAMS 0x0000000080c00000, 0x0000000080b00000| Untracked 
|  12|0x0000000080c00000, 0x0000000080d00000, 0x0000000080d00000|100%| O|  |TAMS 0x0000000080d00000, 0x0000000080c00000| Untracked 
|  13|0x0000000080d00000, 0x0000000080e00000, 0x0000000080e00000|100%| O|  |TAMS 0x0000000080e00000, 0x0000000080d00000| Untracked 
|  14|0x0000000080e00000, 0x0000000080f00000, 0x0000000080f00000|100%| O|  |TAMS 0x0000000080f00000, 0x0000000080e00000| Untracked 
|  15|0x0000000080f00000, 0x0000000081000000, 0x0000000081000000|100%| O|  |TAMS 0x0000000081000000, 0x0000000080f00000| Untracked 
|  16|0x0000000081000000, 0x0000000081100000, 0x0000000081100000|100%| O|  |TAMS 0x0000000081100000, 0x0000000081000000| Untracked 
|  17|0x0000000081100000, 0x0000000081200000, 0x0000000081200000|100%|HS|  |TAMS 0x0000000081200000, 0x0000000081100000| Complete 
|  18|0x0000000081200000, 0x0000000081300000, 0x0000000081300000|100%| O|  |TAMS 0x0000000081300000, 0x0000000081200000| Untracked 
|  19|0x0000000081300000, 0x0000000081400000, 0x0000000081400000|100%| O|  |TAMS 0x0000000081400000, 0x0000000081300000| Untracked 
|  20|0x0000000081400000, 0x0000000081500000, 0x0000000081500000|100%| O|  |TAMS 0x0000000081500000, 0x0000000081400000| Untracked 
|  21|0x0000000081500000, 0x0000000081600000, 0x0000000081600000|100%| O|  |TAMS 0x0000000081600000, 0x0000000081500000| Untracked 
|  22|0x0000000081600000, 0x0000000081700000, 0x0000000081700000|100%| O|  |TAMS 0x0000000081700000, 0x0000000081600000| Untracked 
|  23|0x0000000081700000, 0x0000000081800000, 0x0000000081800000|100%| O|  |TAMS 0x0000000081800000, 0x0000000081700000| Untracked 
|  24|0x0000000081800000, 0x0000000081900000, 0x0000000081900000|100%|HS|  |TAMS 0x0000000081900000, 0x0000000081800000| Complete 
|  25|0x0000000081900000, 0x0000000081a00000, 0x0000000081a00000|100%| O|  |TAMS 0x0000000081900000, 0x0000000081900000| Untracked 
|  26|0x0000000081a00000, 0x0000000081b00000, 0x0000000081b00000|100%|HS|  |TAMS 0x0000000081b00000, 0x0000000081a00000| Complete 
|  27|0x0000000081b00000, 0x0000000081c00000, 0x0000000081c00000|100%|HC|  |TAMS 0x0000000081c00000, 0x0000000081b00000| Complete 
|  28|0x0000000081c00000, 0x0000000081d00000, 0x0000000081d00000|100%| O|  |TAMS 0x0000000081d00000, 0x0000000081c00000| Untracked 
|  29|0x0000000081d00000, 0x0000000081e00000, 0x0000000081e00000|100%| O|  |TAMS 0x0000000081e00000, 0x0000000081d00000| Untracked 
|  30|0x0000000081e00000, 0x0000000081f00000, 0x0000000081f00000|100%| O|  |TAMS 0x0000000081f00000, 0x0000000081e00000| Untracked 
|  31|0x0000000081f00000, 0x0000000082000000, 0x0000000082000000|100%| O|  |TAMS 0x0000000082000000, 0x0000000081f00000| Untracked 
|  32|0x0000000082000000, 0x0000000082100000, 0x0000000082100000|100%| O|  |TAMS 0x0000000082100000, 0x0000000082000000| Untracked 
|  33|0x0000000082100000, 0x0000000082200000, 0x0000000082200000|100%| O|  |TAMS 0x0000000082100000, 0x0000000082100000| Untracked 
|  34|0x0000000082200000, 0x0000000082300000, 0x0000000082300000|100%| O|  |TAMS 0x0000000082200000, 0x0000000082200000| Untracked 
|  35|0x0000000082300000, 0x0000000082400000, 0x0000000082400000|100%| O|  |TAMS 0x0000000082300000, 0x0000000082300000| Untracked 
|  36|0x0000000082400000, 0x0000000082500000, 0x0000000082500000|100%| O|  |TAMS 0x0000000082400000, 0x0000000082400000| Untracked 
|  37|0x0000000082500000, 0x0000000082600000, 0x0000000082600000|100%| O|  |TAMS 0x0000000082500000, 0x0000000082500000| Untracked 
|  38|0x0000000082600000, 0x0000000082700000, 0x0000000082700000|100%| O|  |TAMS 0x0000000082600000, 0x0000000082600000| Untracked 
|  39|0x0000000082700000, 0x0000000082800000, 0x0000000082800000|100%| O|  |TAMS 0x0000000082700000, 0x0000000082700000| Untracked 
|  40|0x0000000082800000, 0x0000000082900000, 0x0000000082900000|100%| O|  |TAMS 0x0000000082900000, 0x0000000082800000| Untracked 
|  41|0x0000000082900000, 0x0000000082a00000, 0x0000000082a00000|100%| O|  |TAMS 0x0000000082a00000, 0x0000000082900000| Untracked 
|  42|0x0000000082a00000, 0x0000000082b00000, 0x0000000082b00000|100%| O|  |TAMS 0x0000000082b00000, 0x0000000082a00000| Untracked 
|  43|0x0000000082b00000, 0x0000000082c00000, 0x0000000082c00000|100%| O|  |TAMS 0x0000000082c00000, 0x0000000082b00000| Untracked 
|  44|0x0000000082c00000, 0x0000000082c00000, 0x0000000082d00000|  0%| F|  |TAMS 0x0000000082c00000, 0x0000000082c00000| Untracked 
|  45|0x0000000082d00000, 0x0000000082d00000, 0x0000000082e00000|  0%| F|  |TAMS 0x0000000082d00000, 0x0000000082d00000| Untracked 
|  46|0x0000000082e00000, 0x0000000082f00000, 0x0000000082f00000|100%| O|  |TAMS 0x0000000082e00000, 0x0000000082e00000| Untracked 
|  47|0x0000000082f00000, 0x0000000083000000, 0x0000000083000000|100%| O|  |TAMS 0x0000000082f00000, 0x0000000082f00000| Untracked 
|  48|0x0000000083000000, 0x0000000083100000, 0x0000000083100000|100%| O|  |TAMS 0x0000000083000000, 0x0000000083000000| Untracked 
|  49|0x0000000083100000, 0x0000000083200000, 0x0000000083200000|100%| O|  |TAMS 0x0000000083100000, 0x0000000083100000| Untracked 
|  50|0x0000000083200000, 0x0000000083300000, 0x0000000083300000|100%| O|  |TAMS 0x0000000083200000, 0x0000000083200000| Untracked 
|  51|0x0000000083300000, 0x0000000083400000, 0x0000000083400000|100%| O|  |TAMS 0x0000000083300000, 0x0000000083300000| Untracked 
|  52|0x0000000083400000, 0x0000000083500000, 0x0000000083500000|100%| O|  |TAMS 0x0000000083400000, 0x0000000083400000| Untracked 
|  53|0x0000000083500000, 0x0000000083600000, 0x0000000083600000|100%| O|  |TAMS 0x0000000083500000, 0x0000000083500000| Untracked 
|  54|0x0000000083600000, 0x0000000083700000, 0x0000000083700000|100%| O|  |TAMS 0x0000000083600000, 0x0000000083600000| Untracked 
|  55|0x0000000083700000, 0x0000000083700000, 0x0000000083800000|  0%| F|  |TAMS 0x0000000083700000, 0x0000000083700000| Untracked 
|  56|0x0000000083800000, 0x0000000083800000, 0x0000000083900000|  0%| F|  |TAMS 0x0000000083800000, 0x0000000083800000| Untracked 
|  57|0x0000000083900000, 0x0000000083900000, 0x0000000083a00000|  0%| F|  |TAMS 0x0000000083900000, 0x0000000083900000| Untracked 
|  58|0x0000000083a00000, 0x0000000083a00000, 0x0000000083b00000|  0%| F|  |TAMS 0x0000000083a00000, 0x0000000083a00000| Untracked 
|  59|0x0000000083b00000, 0x0000000083b00000, 0x0000000083c00000|  0%| F|  |TAMS 0x0000000083b00000, 0x0000000083b00000| Untracked 
|  60|0x0000000083c00000, 0x0000000083c00000, 0x0000000083d00000|  0%| F|  |TAMS 0x0000000083c00000, 0x0000000083c00000| Untracked 
|  61|0x0000000083d00000, 0x0000000083d00000, 0x0000000083e00000|  0%| F|  |TAMS 0x0000000083d00000, 0x0000000083d00000| Untracked 
|  62|0x0000000083e00000, 0x0000000083e00000, 0x0000000083f00000|  0%| F|  |TAMS 0x0000000083e00000, 0x0000000083e00000| Untracked 
|  63|0x0000000083f00000, 0x0000000083f00000, 0x0000000084000000|  0%| F|  |TAMS 0x0000000083f00000, 0x0000000083f00000| Untracked 
|  64|0x0000000084000000, 0x0000000084000000, 0x0000000084100000|  0%| F|  |TAMS 0x0000000084000000, 0x0000000084000000| Untracked 
|  65|0x0000000084100000, 0x0000000084100000, 0x0000000084200000|  0%| F|  |TAMS 0x0000000084100000, 0x0000000084100000| Untracked 
|  66|0x0000000084200000, 0x0000000084200000, 0x0000000084300000|  0%| F|  |TAMS 0x0000000084200000, 0x0000000084200000| Untracked 
|  67|0x0000000084300000, 0x0000000084300000, 0x0000000084400000|  0%| F|  |TAMS 0x0000000084300000, 0x0000000084300000| Untracked 
|  68|0x0000000084400000, 0x0000000084400000, 0x0000000084500000|  0%| F|  |TAMS 0x0000000084400000, 0x0000000084400000| Untracked 
|  69|0x0000000084500000, 0x0000000084500000, 0x0000000084600000|  0%| F|  |TAMS 0x0000000084500000, 0x0000000084500000| Untracked 
|  70|0x0000000084600000, 0x0000000084600000, 0x0000000084700000|  0%| F|  |TAMS 0x0000000084600000, 0x0000000084600000| Untracked 
|  71|0x0000000084700000, 0x0000000084700000, 0x0000000084800000|  0%| F|  |TAMS 0x0000000084700000, 0x0000000084700000| Untracked 
|  72|0x0000000084800000, 0x0000000084900000, 0x0000000084900000|100%| O|  |TAMS 0x0000000084800000, 0x0000000084800000| Untracked 
|  73|0x0000000084900000, 0x0000000084a00000, 0x0000000084a00000|100%| O|  |TAMS 0x0000000084900000, 0x0000000084900000| Untracked 
|  74|0x0000000084a00000, 0x0000000084b00000, 0x0000000084b00000|100%| O|  |TAMS 0x0000000084a00000, 0x0000000084a00000| Untracked 
|  75|0x0000000084b00000, 0x0000000084c00000, 0x0000000084c00000|100%| O|  |TAMS 0x0000000084b00000, 0x0000000084b00000| Untracked 
|  76|0x0000000084c00000, 0x0000000084d00000, 0x0000000084d00000|100%| O|  |TAMS 0x0000000084c00000, 0x0000000084c00000| Untracked 
|  77|0x0000000084d00000, 0x0000000084e00000, 0x0000000084e00000|100%| O|  |TAMS 0x0000000084d00000, 0x0000000084d00000| Untracked 
|  78|0x0000000084e00000, 0x0000000084f00000, 0x0000000084f00000|100%| O|  |TAMS 0x0000000084e00000, 0x0000000084e00000| Untracked 
|  79|0x0000000084f00000, 0x0000000085000000, 0x0000000085000000|100%| O|  |TAMS 0x0000000084f00000, 0x0000000084f00000| Untracked 
|  80|0x0000000085000000, 0x0000000085100000, 0x0000000085100000|100%| O|  |TAMS 0x0000000085000000, 0x0000000085000000| Untracked 
|  81|0x0000000085100000, 0x0000000085200000, 0x0000000085200000|100%| O|  |TAMS 0x0000000085100000, 0x0000000085100000| Untracked 
|  82|0x0000000085200000, 0x0000000085300000, 0x0000000085300000|100%| O|  |TAMS 0x0000000085200000, 0x0000000085200000| Untracked 
|  83|0x0000000085300000, 0x0000000085400000, 0x0000000085400000|100%| O|  |TAMS 0x0000000085300000, 0x0000000085300000| Untracked 
|  84|0x0000000085400000, 0x0000000085500000, 0x0000000085500000|100%| O|  |TAMS 0x0000000085400000, 0x0000000085400000| Untracked 
|  85|0x0000000085500000, 0x0000000085500000, 0x0000000085600000|  0%| F|  |TAMS 0x0000000085500000, 0x0000000085500000| Untracked 
|  86|0x0000000085600000, 0x0000000085600000, 0x0000000085700000|  0%| F|  |TAMS 0x0000000085600000, 0x0000000085600000| Untracked 
|  87|0x0000000085700000, 0x0000000085700000, 0x0000000085800000|  0%| F|  |TAMS 0x0000000085700000, 0x0000000085700000| Untracked 
|  88|0x0000000085800000, 0x0000000085800000, 0x0000000085900000|  0%| F|  |TAMS 0x0000000085800000, 0x0000000085800000| Untracked 
|  89|0x0000000085900000, 0x0000000085900000, 0x0000000085a00000|  0%| F|  |TAMS 0x0000000085900000, 0x0000000085900000| Untracked 
|  90|0x0000000085a00000, 0x0000000085a00000, 0x0000000085b00000|  0%| F|  |TAMS 0x0000000085a00000, 0x0000000085a00000| Untracked 
|  91|0x0000000085b00000, 0x0000000085b00000, 0x0000000085c00000|  0%| F|  |TAMS 0x0000000085b00000, 0x0000000085b00000| Untracked 
|  92|0x0000000085c00000, 0x0000000085c00000, 0x0000000085d00000|  0%| F|  |TAMS 0x0000000085c00000, 0x0000000085c00000| Untracked 
|  93|0x0000000085d00000, 0x0000000085d00000, 0x0000000085e00000|  0%| F|  |TAMS 0x0000000085d00000, 0x0000000085d00000| Untracked 
|  94|0x0000000085e00000, 0x0000000085e00000, 0x0000000085f00000|  0%| F|  |TAMS 0x0000000085e00000, 0x0000000085e00000| Untracked 
|  95|0x0000000085f00000, 0x0000000085f00000, 0x0000000086000000|  0%| F|  |TAMS 0x0000000085f00000, 0x0000000085f00000| Untracked 
|  96|0x0000000086000000, 0x0000000086000000, 0x0000000086100000|  0%| F|  |TAMS 0x0000000086000000, 0x0000000086000000| Untracked 
|  97|0x0000000086100000, 0x0000000086100000, 0x0000000086200000|  0%| F|  |TAMS 0x0000000086100000, 0x0000000086100000| Untracked 
|  98|0x0000000086200000, 0x0000000086200000, 0x0000000086300000|  0%| F|  |TAMS 0x0000000086200000, 0x0000000086200000| Untracked 
|  99|0x0000000086300000, 0x0000000086300000, 0x0000000086400000|  0%| F|  |TAMS 0x0000000086300000, 0x0000000086300000| Untracked 
| 100|0x0000000086400000, 0x0000000086400000, 0x0000000086500000|  0%| F|  |TAMS 0x0000000086400000, 0x0000000086400000| Untracked 
| 101|0x0000000086500000, 0x0000000086500000, 0x0000000086600000|  0%| F|  |TAMS 0x0000000086500000, 0x0000000086500000| Untracked 
| 102|0x0000000086600000, 0x0000000086600000, 0x0000000086700000|  0%| F|  |TAMS 0x0000000086600000, 0x0000000086600000| Untracked 
| 103|0x0000000086700000, 0x0000000086700000, 0x0000000086800000|  0%| F|  |TAMS 0x0000000086700000, 0x0000000086700000| Untracked 
| 104|0x0000000086800000, 0x0000000086800000, 0x0000000086900000|  0%| F|  |TAMS 0x0000000086800000, 0x0000000086800000| Untracked 
| 105|0x0000000086900000, 0x0000000086900000, 0x0000000086a00000|  0%| F|  |TAMS 0x0000000086900000, 0x0000000086900000| Untracked 
| 106|0x0000000086a00000, 0x0000000086a00000, 0x0000000086b00000|  0%| F|  |TAMS 0x0000000086a00000, 0x0000000086a00000| Untracked 
| 107|0x0000000086b00000, 0x0000000086b00000, 0x0000000086c00000|  0%| F|  |TAMS 0x0000000086b00000, 0x0000000086b00000| Untracked 
| 108|0x0000000086c00000, 0x0000000086c00000, 0x0000000086d00000|  0%| F|  |TAMS 0x0000000086c00000, 0x0000000086c00000| Untracked 
| 109|0x0000000086d00000, 0x0000000086d00000, 0x0000000086e00000|  0%| F|  |TAMS 0x0000000086d00000, 0x0000000086d00000| Untracked 
| 110|0x0000000086e00000, 0x0000000086e00000, 0x0000000086f00000|  0%| F|  |TAMS 0x0000000086e00000, 0x0000000086e00000| Untracked 
| 111|0x0000000086f00000, 0x0000000086f00000, 0x0000000087000000|  0%| F|  |TAMS 0x0000000086f00000, 0x0000000086f00000| Untracked 
| 112|0x0000000087000000, 0x0000000087000000, 0x0000000087100000|  0%| F|  |TAMS 0x0000000087000000, 0x0000000087000000| Untracked 
| 113|0x0000000087100000, 0x0000000087100000, 0x0000000087200000|  0%| F|  |TAMS 0x0000000087100000, 0x0000000087100000| Untracked 
| 114|0x0000000087200000, 0x0000000087200000, 0x0000000087300000|  0%| F|  |TAMS 0x0000000087200000, 0x0000000087200000| Untracked 
| 115|0x0000000087300000, 0x0000000087300000, 0x0000000087400000|  0%| F|  |TAMS 0x0000000087300000, 0x0000000087300000| Untracked 
| 116|0x0000000087400000, 0x0000000087400000, 0x0000000087500000|  0%| F|  |TAMS 0x0000000087400000, 0x0000000087400000| Untracked 
| 117|0x0000000087500000, 0x0000000087500000, 0x0000000087600000|  0%| F|  |TAMS 0x0000000087500000, 0x0000000087500000| Untracked 
| 118|0x0000000087600000, 0x0000000087600000, 0x0000000087700000|  0%| F|  |TAMS 0x0000000087600000, 0x0000000087600000| Untracked 
| 119|0x0000000087700000, 0x0000000087700000, 0x0000000087800000|  0%| F|  |TAMS 0x0000000087700000, 0x0000000087700000| Untracked 
| 120|0x0000000087800000, 0x0000000087800000, 0x0000000087900000|  0%| F|  |TAMS 0x0000000087800000, 0x0000000087800000| Untracked 
| 121|0x0000000087900000, 0x0000000087900000, 0x0000000087a00000|  0%| F|  |TAMS 0x0000000087900000, 0x0000000087900000| Untracked 
| 122|0x0000000087a00000, 0x0000000087a00000, 0x0000000087b00000|  0%| F|  |TAMS 0x0000000087a00000, 0x0000000087a00000| Untracked 
| 123|0x0000000087b00000, 0x0000000087b00000, 0x0000000087c00000|  0%| F|  |TAMS 0x0000000087b00000, 0x0000000087b00000| Untracked 
| 124|0x0000000087c00000, 0x0000000087c00000, 0x0000000087d00000|  0%| F|  |TAMS 0x0000000087c00000, 0x0000000087c00000| Untracked 
| 125|0x0000000087d00000, 0x0000000087d00000, 0x0000000087e00000|  0%| F|  |TAMS 0x0000000087d00000, 0x0000000087d00000| Untracked 
| 126|0x0000000087e00000, 0x0000000087e00000, 0x0000000087f00000|  0%| F|  |TAMS 0x0000000087e00000, 0x0000000087e00000| Untracked 
| 127|0x0000000087f00000, 0x0000000087f00000, 0x0000000088000000|  0%| F|  |TAMS 0x0000000087f00000, 0x0000000087f00000| Untracked 
| 128|0x0000000088000000, 0x0000000088000000, 0x0000000088100000|  0%| F|  |TAMS 0x0000000088000000, 0x0000000088000000| Untracked 
| 129|0x0000000088100000, 0x0000000088100000, 0x0000000088200000|  0%| F|  |TAMS 0x0000000088100000, 0x0000000088100000| Untracked 
| 130|0x0000000088200000, 0x0000000088200000, 0x0000000088300000|  0%| F|  |TAMS 0x0000000088200000, 0x0000000088200000| Untracked 
| 131|0x0000000088300000, 0x0000000088300000, 0x0000000088400000|  0%| F|  |TAMS 0x0000000088300000, 0x0000000088300000| Untracked 
| 132|0x0000000088400000, 0x0000000088400000, 0x0000000088500000|  0%| F|  |TAMS 0x0000000088400000, 0x0000000088400000| Untracked 
| 133|0x0000000088500000, 0x0000000088500000, 0x0000000088600000|  0%| F|  |TAMS 0x0000000088500000, 0x0000000088500000| Untracked 
| 134|0x0000000088600000, 0x0000000088600000, 0x0000000088700000|  0%| F|  |TAMS 0x0000000088600000, 0x0000000088600000| Untracked 
| 135|0x0000000088700000, 0x0000000088780000, 0x0000000088800000| 50%| S|CS|TAMS 0x0000000088700000, 0x0000000088700000| Complete 
| 136|0x0000000088800000, 0x0000000088900000, 0x0000000088900000|100%| S|CS|TAMS 0x0000000088800000, 0x0000000088800000| Complete 
| 137|0x0000000088900000, 0x0000000088a00000, 0x0000000088a00000|100%| S|CS|TAMS 0x0000000088900000, 0x0000000088900000| Complete 
| 138|0x0000000088a00000, 0x0000000088b00000, 0x0000000088b00000|100%| S|CS|TAMS 0x0000000088a00000, 0x0000000088a00000| Complete 
| 139|0x0000000088b00000, 0x0000000088c00000, 0x0000000088c00000|100%| S|CS|TAMS 0x0000000088b00000, 0x0000000088b00000| Complete 
| 140|0x0000000088c00000, 0x0000000088c00000, 0x0000000088d00000|  0%| F|  |TAMS 0x0000000088c00000, 0x0000000088c00000| Untracked 
| 141|0x0000000088d00000, 0x0000000088d00000, 0x0000000088e00000|  0%| F|  |TAMS 0x0000000088d00000, 0x0000000088d00000| Untracked 
| 142|0x0000000088e00000, 0x0000000088e00000, 0x0000000088f00000|  0%| F|  |TAMS 0x0000000088e00000, 0x0000000088e00000| Untracked 
| 143|0x0000000088f00000, 0x0000000088f00000, 0x0000000089000000|  0%| F|  |TAMS 0x0000000088f00000, 0x0000000088f00000| Untracked 
| 144|0x0000000089000000, 0x0000000089000000, 0x0000000089100000|  0%| F|  |TAMS 0x0000000089000000, 0x0000000089000000| Untracked 
| 145|0x0000000089100000, 0x0000000089100000, 0x0000000089200000|  0%| F|  |TAMS 0x0000000089100000, 0x0000000089100000| Untracked 
| 146|0x0000000089200000, 0x0000000089200000, 0x0000000089300000|  0%| F|  |TAMS 0x0000000089200000, 0x0000000089200000| Untracked 
| 147|0x0000000089300000, 0x0000000089300000, 0x0000000089400000|  0%| F|  |TAMS 0x0000000089300000, 0x0000000089300000| Untracked 
| 148|0x0000000089400000, 0x0000000089400000, 0x0000000089500000|  0%| F|  |TAMS 0x0000000089400000, 0x0000000089400000| Untracked 
| 149|0x0000000089500000, 0x0000000089500000, 0x0000000089600000|  0%| F|  |TAMS 0x0000000089500000, 0x0000000089500000| Untracked 
| 150|0x0000000089600000, 0x0000000089600000, 0x0000000089700000|  0%| F|  |TAMS 0x0000000089600000, 0x0000000089600000| Untracked 
| 151|0x0000000089700000, 0x0000000089700000, 0x0000000089800000|  0%| F|  |TAMS 0x0000000089700000, 0x0000000089700000| Untracked 
| 152|0x0000000089800000, 0x0000000089800000, 0x0000000089900000|  0%| F|  |TAMS 0x0000000089800000, 0x0000000089800000| Untracked 
| 153|0x0000000089900000, 0x0000000089900000, 0x0000000089a00000|  0%| F|  |TAMS 0x0000000089900000, 0x0000000089900000| Untracked 
| 154|0x0000000089a00000, 0x0000000089a00000, 0x0000000089b00000|  0%| F|  |TAMS 0x0000000089a00000, 0x0000000089a00000| Untracked 
| 155|0x0000000089b00000, 0x0000000089b00000, 0x0000000089c00000|  0%| F|  |TAMS 0x0000000089b00000, 0x0000000089b00000| Untracked 
| 156|0x0000000089c00000, 0x0000000089c00000, 0x0000000089d00000|  0%| F|  |TAMS 0x0000000089c00000, 0x0000000089c00000| Untracked 
| 157|0x0000000089d00000, 0x0000000089d00000, 0x0000000089e00000|  0%| F|  |TAMS 0x0000000089d00000, 0x0000000089d00000| Untracked 
| 158|0x0000000089e00000, 0x0000000089e00000, 0x0000000089f00000|  0%| F|  |TAMS 0x0000000089e00000, 0x0000000089e00000| Untracked 
| 159|0x0000000089f00000, 0x0000000089f00000, 0x000000008a000000|  0%| F|  |TAMS 0x0000000089f00000, 0x0000000089f00000| Untracked 
| 160|0x000000008a000000, 0x000000008a000000, 0x000000008a100000|  0%| F|  |TAMS 0x000000008a000000, 0x000000008a000000| Untracked 
| 161|0x000000008a100000, 0x000000008a100000, 0x000000008a200000|  0%| F|  |TAMS 0x000000008a100000, 0x000000008a100000| Untracked 
| 162|0x000000008a200000, 0x000000008a200000, 0x000000008a300000|  0%| F|  |TAMS 0x000000008a200000, 0x000000008a200000| Untracked 
| 163|0x000000008a300000, 0x000000008a300000, 0x000000008a400000|  0%| F|  |TAMS 0x000000008a300000, 0x000000008a300000| Untracked 
| 164|0x000000008a400000, 0x000000008a400000, 0x000000008a500000|  0%| F|  |TAMS 0x000000008a400000, 0x000000008a400000| Untracked 
| 165|0x000000008a500000, 0x000000008a500000, 0x000000008a600000|  0%| F|  |TAMS 0x000000008a500000, 0x000000008a500000| Untracked 
| 166|0x000000008a600000, 0x000000008a600000, 0x000000008a700000|  0%| F|  |TAMS 0x000000008a600000, 0x000000008a600000| Untracked 
| 167|0x000000008a700000, 0x000000008a700000, 0x000000008a800000|  0%| F|  |TAMS 0x000000008a700000, 0x000000008a700000| Untracked 
| 168|0x000000008a800000, 0x000000008a800000, 0x000000008a900000|  0%| F|  |TAMS 0x000000008a800000, 0x000000008a800000| Untracked 
| 169|0x000000008a900000, 0x000000008a900000, 0x000000008aa00000|  0%| F|  |TAMS 0x000000008a900000, 0x000000008a900000| Untracked 
| 170|0x000000008aa00000, 0x000000008aa00000, 0x000000008ab00000|  0%| F|  |TAMS 0x000000008aa00000, 0x000000008aa00000| Untracked 
| 171|0x000000008ab00000, 0x000000008ab00000, 0x000000008ac00000|  0%| F|  |TAMS 0x000000008ab00000, 0x000000008ab00000| Untracked 
| 172|0x000000008ac00000, 0x000000008ac00000, 0x000000008ad00000|  0%| F|  |TAMS 0x000000008ac00000, 0x000000008ac00000| Untracked 
| 173|0x000000008ad00000, 0x000000008ad00000, 0x000000008ae00000|  0%| F|  |TAMS 0x000000008ad00000, 0x000000008ad00000| Untracked 
| 174|0x000000008ae00000, 0x000000008ae00000, 0x000000008af00000|  0%| F|  |TAMS 0x000000008ae00000, 0x000000008ae00000| Untracked 
| 175|0x000000008af00000, 0x000000008af00000, 0x000000008b000000|  0%| F|  |TAMS 0x000000008af00000, 0x000000008af00000| Untracked 
| 176|0x000000008b000000, 0x000000008b000000, 0x000000008b100000|  0%| F|  |TAMS 0x000000008b000000, 0x000000008b000000| Untracked 
| 177|0x000000008b100000, 0x000000008b100000, 0x000000008b200000|  0%| F|  |TAMS 0x000000008b100000, 0x000000008b100000| Untracked 
| 178|0x000000008b200000, 0x000000008b200000, 0x000000008b300000|  0%| F|  |TAMS 0x000000008b200000, 0x000000008b200000| Untracked 
| 179|0x000000008b300000, 0x000000008b300000, 0x000000008b400000|  0%| F|  |TAMS 0x000000008b300000, 0x000000008b300000| Untracked 
| 180|0x000000008b400000, 0x000000008b400000, 0x000000008b500000|  0%| F|  |TAMS 0x000000008b400000, 0x000000008b400000| Untracked 
| 181|0x000000008b500000, 0x000000008b500000, 0x000000008b600000|  0%| F|  |TAMS 0x000000008b500000, 0x000000008b500000| Untracked 
| 182|0x000000008b600000, 0x000000008b600000, 0x000000008b700000|  0%| F|  |TAMS 0x000000008b600000, 0x000000008b600000| Untracked 
| 183|0x000000008b700000, 0x000000008b700000, 0x000000008b800000|  0%| F|  |TAMS 0x000000008b700000, 0x000000008b700000| Untracked 
| 184|0x000000008b800000, 0x000000008b800000, 0x000000008b900000|  0%| F|  |TAMS 0x000000008b800000, 0x000000008b800000| Untracked 
| 185|0x000000008b900000, 0x000000008b900000, 0x000000008ba00000|  0%| F|  |TAMS 0x000000008b900000, 0x000000008b900000| Untracked 
| 186|0x000000008ba00000, 0x000000008ba00000, 0x000000008bb00000|  0%| F|  |TAMS 0x000000008ba00000, 0x000000008ba00000| Untracked 
| 187|0x000000008bb00000, 0x000000008bb00000, 0x000000008bc00000|  0%| F|  |TAMS 0x000000008bb00000, 0x000000008bb00000| Untracked 
| 188|0x000000008bc00000, 0x000000008bc00000, 0x000000008bd00000|  0%| F|  |TAMS 0x000000008bc00000, 0x000000008bc00000| Untracked 
| 189|0x000000008bd00000, 0x000000008bd00000, 0x000000008be00000|  0%| F|  |TAMS 0x000000008bd00000, 0x000000008bd00000| Untracked 
| 190|0x000000008be00000, 0x000000008be00000, 0x000000008bf00000|  0%| F|  |TAMS 0x000000008be00000, 0x000000008be00000| Untracked 
| 191|0x000000008bf00000, 0x000000008bf00000, 0x000000008c000000|  0%| F|  |TAMS 0x000000008bf00000, 0x000000008bf00000| Untracked 
| 192|0x000000008c000000, 0x000000008c000000, 0x000000008c100000|  0%| F|  |TAMS 0x000000008c000000, 0x000000008c000000| Untracked 
| 193|0x000000008c100000, 0x000000008c100000, 0x000000008c200000|  0%| F|  |TAMS 0x000000008c100000, 0x000000008c100000| Untracked 
| 194|0x000000008c200000, 0x000000008c200000, 0x000000008c300000|  0%| F|  |TAMS 0x000000008c200000, 0x000000008c200000| Untracked 
| 195|0x000000008c300000, 0x000000008c300000, 0x000000008c400000|  0%| F|  |TAMS 0x000000008c300000, 0x000000008c300000| Untracked 
| 196|0x000000008c400000, 0x000000008c400000, 0x000000008c500000|  0%| F|  |TAMS 0x000000008c400000, 0x000000008c400000| Untracked 
| 197|0x000000008c500000, 0x000000008c500000, 0x000000008c600000|  0%| F|  |TAMS 0x000000008c500000, 0x000000008c500000| Untracked 
| 198|0x000000008c600000, 0x000000008c600000, 0x000000008c700000|  0%| F|  |TAMS 0x000000008c600000, 0x000000008c600000| Untracked 
| 199|0x000000008c700000, 0x000000008c700000, 0x000000008c800000|  0%| F|  |TAMS 0x000000008c700000, 0x000000008c700000| Untracked 
| 200|0x000000008c800000, 0x000000008c800000, 0x000000008c900000|  0%| F|  |TAMS 0x000000008c800000, 0x000000008c800000| Untracked 
| 201|0x000000008c900000, 0x000000008c900000, 0x000000008ca00000|  0%| F|  |TAMS 0x000000008c900000, 0x000000008c900000| Untracked 
| 202|0x000000008ca00000, 0x000000008ca00000, 0x000000008cb00000|  0%| F|  |TAMS 0x000000008ca00000, 0x000000008ca00000| Untracked 
| 203|0x000000008cb00000, 0x000000008cb00000, 0x000000008cc00000|  0%| F|  |TAMS 0x000000008cb00000, 0x000000008cb00000| Untracked 
| 204|0x000000008cc00000, 0x000000008cc00000, 0x000000008cd00000|  0%| F|  |TAMS 0x000000008cc00000, 0x000000008cc00000| Untracked 
| 205|0x000000008cd00000, 0x000000008cd00000, 0x000000008ce00000|  0%| F|  |TAMS 0x000000008cd00000, 0x000000008cd00000| Untracked 
| 206|0x000000008ce00000, 0x000000008ce00000, 0x000000008cf00000|  0%| F|  |TAMS 0x000000008ce00000, 0x000000008ce00000| Untracked 
| 207|0x000000008cf00000, 0x000000008cf00000, 0x000000008d000000|  0%| F|  |TAMS 0x000000008cf00000, 0x000000008cf00000| Untracked 
| 208|0x000000008d000000, 0x000000008d000000, 0x000000008d100000|  0%| F|  |TAMS 0x000000008d000000, 0x000000008d000000| Untracked 
| 209|0x000000008d100000, 0x000000008d100000, 0x000000008d200000|  0%| F|  |TAMS 0x000000008d100000, 0x000000008d100000| Untracked 
| 210|0x000000008d200000, 0x000000008d200000, 0x000000008d300000|  0%| F|  |TAMS 0x000000008d200000, 0x000000008d200000| Untracked 
| 211|0x000000008d300000, 0x000000008d300000, 0x000000008d400000|  0%| F|  |TAMS 0x000000008d300000, 0x000000008d300000| Untracked 
| 212|0x000000008d400000, 0x000000008d400000, 0x000000008d500000|  0%| F|  |TAMS 0x000000008d400000, 0x000000008d400000| Untracked 
| 213|0x000000008d500000, 0x000000008d500000, 0x000000008d600000|  0%| F|  |TAMS 0x000000008d500000, 0x000000008d500000| Untracked 
| 214|0x000000008d600000, 0x000000008d600000, 0x000000008d700000|  0%| F|  |TAMS 0x000000008d600000, 0x000000008d600000| Untracked 
| 215|0x000000008d700000, 0x000000008d700000, 0x000000008d800000|  0%| F|  |TAMS 0x000000008d700000, 0x000000008d700000| Untracked 
| 216|0x000000008d800000, 0x000000008d800000, 0x000000008d900000|  0%| F|  |TAMS 0x000000008d800000, 0x000000008d800000| Untracked 
| 217|0x000000008d900000, 0x000000008d900000, 0x000000008da00000|  0%| F|  |TAMS 0x000000008d900000, 0x000000008d900000| Untracked 
| 218|0x000000008da00000, 0x000000008da00000, 0x000000008db00000|  0%| F|  |TAMS 0x000000008da00000, 0x000000008da00000| Untracked 
| 219|0x000000008db00000, 0x000000008db00000, 0x000000008dc00000|  0%| F|  |TAMS 0x000000008db00000, 0x000000008db00000| Untracked 
| 220|0x000000008dc00000, 0x000000008dc00000, 0x000000008dd00000|  0%| F|  |TAMS 0x000000008dc00000, 0x000000008dc00000| Untracked 
| 221|0x000000008dd00000, 0x000000008dd00000, 0x000000008de00000|  0%| F|  |TAMS 0x000000008dd00000, 0x000000008dd00000| Untracked 
| 222|0x000000008de00000, 0x000000008de00000, 0x000000008df00000|  0%| F|  |TAMS 0x000000008de00000, 0x000000008de00000| Untracked 
| 223|0x000000008df00000, 0x000000008df00000, 0x000000008e000000|  0%| F|  |TAMS 0x000000008df00000, 0x000000008df00000| Untracked 
| 224|0x000000008e000000, 0x000000008e060f50, 0x000000008e100000| 37%| E|  |TAMS 0x000000008e000000, 0x000000008e000000| Complete 
| 225|0x000000008e100000, 0x000000008e200000, 0x000000008e200000|100%| E|CS|TAMS 0x000000008e100000, 0x000000008e100000| Complete 
| 226|0x000000008e200000, 0x000000008e300000, 0x000000008e300000|100%| E|CS|TAMS 0x000000008e200000, 0x000000008e200000| Complete 
| 227|0x000000008e300000, 0x000000008e400000, 0x000000008e400000|100%| E|CS|TAMS 0x000000008e300000, 0x000000008e300000| Complete 
| 228|0x000000008e400000, 0x000000008e500000, 0x000000008e500000|100%| E|CS|TAMS 0x000000008e400000, 0x000000008e400000| Complete 
| 229|0x000000008e500000, 0x000000008e600000, 0x000000008e600000|100%| E|CS|TAMS 0x000000008e500000, 0x000000008e500000| Complete 
| 230|0x000000008e600000, 0x000000008e700000, 0x000000008e700000|100%| E|CS|TAMS 0x000000008e600000, 0x000000008e600000| Complete 
| 231|0x000000008e700000, 0x000000008e800000, 0x000000008e800000|100%| E|CS|TAMS 0x000000008e700000, 0x000000008e700000| Complete 
| 232|0x000000008e800000, 0x000000008e900000, 0x000000008e900000|100%| E|CS|TAMS 0x000000008e800000, 0x000000008e800000| Complete 
| 233|0x000000008e900000, 0x000000008ea00000, 0x000000008ea00000|100%| E|CS|TAMS 0x000000008e900000, 0x000000008e900000| Complete 
| 234|0x000000008ea00000, 0x000000008eb00000, 0x000000008eb00000|100%| E|CS|TAMS 0x000000008ea00000, 0x000000008ea00000| Complete 
| 235|0x000000008eb00000, 0x000000008ec00000, 0x000000008ec00000|100%| E|CS|TAMS 0x000000008eb00000, 0x000000008eb00000| Complete 
| 236|0x000000008ec00000, 0x000000008ed00000, 0x000000008ed00000|100%| E|CS|TAMS 0x000000008ec00000, 0x000000008ec00000| Complete 
| 237|0x000000008ed00000, 0x000000008ee00000, 0x000000008ee00000|100%| E|CS|TAMS 0x000000008ed00000, 0x000000008ed00000| Complete 
| 238|0x000000008ee00000, 0x000000008ef00000, 0x000000008ef00000|100%| E|CS|TAMS 0x000000008ee00000, 0x000000008ee00000| Complete 
| 239|0x000000008ef00000, 0x000000008f000000, 0x000000008f000000|100%| E|CS|TAMS 0x000000008ef00000, 0x000000008ef00000| Complete 
| 240|0x000000008f000000, 0x000000008f100000, 0x000000008f100000|100%| E|CS|TAMS 0x000000008f000000, 0x000000008f000000| Complete 
| 241|0x000000008f100000, 0x000000008f200000, 0x000000008f200000|100%| E|CS|TAMS 0x000000008f100000, 0x000000008f100000| Complete 
| 242|0x000000008f200000, 0x000000008f300000, 0x000000008f300000|100%| E|CS|TAMS 0x000000008f200000, 0x000000008f200000| Complete 
| 243|0x000000008f300000, 0x000000008f400000, 0x000000008f400000|100%| E|CS|TAMS 0x000000008f300000, 0x000000008f300000| Complete 
| 244|0x000000008f400000, 0x000000008f500000, 0x000000008f500000|100%| E|CS|TAMS 0x000000008f400000, 0x000000008f400000| Complete 
| 245|0x000000008f500000, 0x000000008f600000, 0x000000008f600000|100%| E|CS|TAMS 0x000000008f500000, 0x000000008f500000| Complete 
| 246|0x000000008f600000, 0x000000008f700000, 0x000000008f700000|100%| E|  |TAMS 0x000000008f600000, 0x000000008f600000| Complete 
| 247|0x000000008f700000, 0x000000008f800000, 0x000000008f800000|100%| E|CS|TAMS 0x000000008f700000, 0x000000008f700000| Complete 
| 248|0x000000008f800000, 0x000000008f900000, 0x000000008f900000|100%| E|CS|TAMS 0x000000008f800000, 0x000000008f800000| Complete 
| 249|0x000000008f900000, 0x000000008fa00000, 0x000000008fa00000|100%| E|CS|TAMS 0x000000008f900000, 0x000000008f900000| Complete 
| 250|0x000000008fa00000, 0x000000008fb00000, 0x000000008fb00000|100%| E|CS|TAMS 0x000000008fa00000, 0x000000008fa00000| Complete 
| 251|0x000000008fb00000, 0x000000008fc00000, 0x000000008fc00000|100%| E|CS|TAMS 0x000000008fb00000, 0x000000008fb00000| Complete 
| 252|0x000000008fc00000, 0x000000008fd00000, 0x000000008fd00000|100%| E|CS|TAMS 0x000000008fc00000, 0x000000008fc00000| Complete 
| 253|0x000000008fd00000, 0x000000008fe00000, 0x000000008fe00000|100%| E|CS|TAMS 0x000000008fd00000, 0x000000008fd00000| Complete 
| 254|0x000000008fe00000, 0x000000008ff00000, 0x000000008ff00000|100%| E|CS|TAMS 0x000000008fe00000, 0x000000008fe00000| Complete 
| 255|0x000000008ff00000, 0x0000000090000000, 0x0000000090000000|100%| E|CS|TAMS 0x000000008ff00000, 0x000000008ff00000| Complete 
| 256|0x0000000090000000, 0x0000000090100000, 0x0000000090100000|100%| E|CS|TAMS 0x0000000090000000, 0x0000000090000000| Complete 
| 257|0x0000000090100000, 0x0000000090200000, 0x0000000090200000|100%| E|CS|TAMS 0x0000000090100000, 0x0000000090100000| Complete 
| 258|0x0000000090200000, 0x0000000090300000, 0x0000000090300000|100%| E|CS|TAMS 0x0000000090200000, 0x0000000090200000| Complete 
| 259|0x0000000090300000, 0x0000000090400000, 0x0000000090400000|100%| E|CS|TAMS 0x0000000090300000, 0x0000000090300000| Complete 
| 260|0x0000000090400000, 0x0000000090500000, 0x0000000090500000|100%| E|CS|TAMS 0x0000000090400000, 0x0000000090400000| Complete 
| 261|0x0000000090500000, 0x0000000090600000, 0x0000000090600000|100%| E|CS|TAMS 0x0000000090500000, 0x0000000090500000| Complete 
| 262|0x0000000090600000, 0x0000000090700000, 0x0000000090700000|100%| E|CS|TAMS 0x0000000090600000, 0x0000000090600000| Complete 
| 263|0x0000000090700000, 0x0000000090800000, 0x0000000090800000|100%| E|CS|TAMS 0x0000000090700000, 0x0000000090700000| Complete 
| 264|0x0000000090800000, 0x0000000090900000, 0x0000000090900000|100%| E|CS|TAMS 0x0000000090800000, 0x0000000090800000| Complete 
| 265|0x0000000090900000, 0x0000000090a00000, 0x0000000090a00000|100%| E|CS|TAMS 0x0000000090900000, 0x0000000090900000| Complete 
| 266|0x0000000090a00000, 0x0000000090b00000, 0x0000000090b00000|100%| E|CS|TAMS 0x0000000090a00000, 0x0000000090a00000| Complete 
| 267|0x0000000090b00000, 0x0000000090c00000, 0x0000000090c00000|100%| E|CS|TAMS 0x0000000090b00000, 0x0000000090b00000| Complete 
| 268|0x0000000090c00000, 0x0000000090d00000, 0x0000000090d00000|100%| E|CS|TAMS 0x0000000090c00000, 0x0000000090c00000| Complete 
| 269|0x0000000090d00000, 0x0000000090e00000, 0x0000000090e00000|100%| E|CS|TAMS 0x0000000090d00000, 0x0000000090d00000| Complete 
| 270|0x0000000090e00000, 0x0000000090f00000, 0x0000000090f00000|100%| E|CS|TAMS 0x0000000090e00000, 0x0000000090e00000| Complete 
| 271|0x0000000090f00000, 0x0000000091000000, 0x0000000091000000|100%| E|CS|TAMS 0x0000000090f00000, 0x0000000090f00000| Complete 
| 272|0x0000000091000000, 0x0000000091100000, 0x0000000091100000|100%| E|CS|TAMS 0x0000000091000000, 0x0000000091000000| Complete 
| 273|0x0000000091100000, 0x0000000091200000, 0x0000000091200000|100%| E|CS|TAMS 0x0000000091100000, 0x0000000091100000| Complete 
| 274|0x0000000091200000, 0x0000000091300000, 0x0000000091300000|100%| E|CS|TAMS 0x0000000091200000, 0x0000000091200000| Complete 
| 275|0x0000000091300000, 0x0000000091400000, 0x0000000091400000|100%| E|CS|TAMS 0x0000000091300000, 0x0000000091300000| Complete 
| 276|0x0000000091400000, 0x0000000091500000, 0x0000000091500000|100%| E|CS|TAMS 0x0000000091400000, 0x0000000091400000| Complete 
| 277|0x0000000091500000, 0x0000000091600000, 0x0000000091600000|100%| E|CS|TAMS 0x0000000091500000, 0x0000000091500000| Complete 
| 278|0x0000000091600000, 0x0000000091700000, 0x0000000091700000|100%| E|CS|TAMS 0x0000000091600000, 0x0000000091600000| Complete 
| 279|0x0000000091700000, 0x0000000091800000, 0x0000000091800000|100%| E|CS|TAMS 0x0000000091700000, 0x0000000091700000| Complete 
| 280|0x0000000091800000, 0x0000000091900000, 0x0000000091900000|100%| E|CS|TAMS 0x0000000091800000, 0x0000000091800000| Complete 
| 281|0x0000000091900000, 0x0000000091a00000, 0x0000000091a00000|100%| E|CS|TAMS 0x0000000091900000, 0x0000000091900000| Complete 
| 282|0x0000000091a00000, 0x0000000091b00000, 0x0000000091b00000|100%| E|CS|TAMS 0x0000000091a00000, 0x0000000091a00000| Complete 
| 283|0x0000000091b00000, 0x0000000091c00000, 0x0000000091c00000|100%| E|CS|TAMS 0x0000000091b00000, 0x0000000091b00000| Complete 
| 284|0x0000000091c00000, 0x0000000091d00000, 0x0000000091d00000|100%| E|CS|TAMS 0x0000000091c00000, 0x0000000091c00000| Complete 
| 285|0x0000000091d00000, 0x0000000091e00000, 0x0000000091e00000|100%| E|CS|TAMS 0x0000000091d00000, 0x0000000091d00000| Complete 
| 286|0x0000000091e00000, 0x0000000091f00000, 0x0000000091f00000|100%| E|CS|TAMS 0x0000000091e00000, 0x0000000091e00000| Complete 
| 287|0x0000000091f00000, 0x0000000092000000, 0x0000000092000000|100%| E|CS|TAMS 0x0000000091f00000, 0x0000000091f00000| Complete 
| 288|0x0000000092000000, 0x0000000092100000, 0x0000000092100000|100%| E|CS|TAMS 0x0000000092000000, 0x0000000092000000| Complete 
| 289|0x0000000092100000, 0x0000000092200000, 0x0000000092200000|100%| E|CS|TAMS 0x0000000092100000, 0x0000000092100000| Complete 
| 290|0x0000000092200000, 0x0000000092300000, 0x0000000092300000|100%| E|CS|TAMS 0x0000000092200000, 0x0000000092200000| Complete 
| 291|0x0000000092300000, 0x0000000092400000, 0x0000000092400000|100%| E|CS|TAMS 0x0000000092300000, 0x0000000092300000| Complete 
| 292|0x0000000092400000, 0x0000000092500000, 0x0000000092500000|100%| E|CS|TAMS 0x0000000092400000, 0x0000000092400000| Complete 
| 293|0x0000000092500000, 0x0000000092600000, 0x0000000092600000|100%| E|CS|TAMS 0x0000000092500000, 0x0000000092500000| Complete 
| 294|0x0000000092600000, 0x0000000092700000, 0x0000000092700000|100%| E|CS|TAMS 0x0000000092600000, 0x0000000092600000| Complete 
| 295|0x0000000092700000, 0x0000000092800000, 0x0000000092800000|100%| E|CS|TAMS 0x0000000092700000, 0x0000000092700000| Complete 
| 296|0x0000000092800000, 0x0000000092900000, 0x0000000092900000|100%| E|CS|TAMS 0x0000000092800000, 0x0000000092800000| Complete 
| 297|0x0000000092900000, 0x0000000092a00000, 0x0000000092a00000|100%| E|CS|TAMS 0x0000000092900000, 0x0000000092900000| Complete 

Card table byte_map: [0x000002539b980000,0x000002539bd80000] _byte_map_base: 0x000002539b580000

Marking Bits (Prev, Next): (CMBitMap*) 0x0000025388aa24f8, (CMBitMap*) 0x0000025388aa2530
 Prev Bits: [0x000002539c180000, 0x000002539e180000)
 Next Bits: [0x000002539e180000, 0x00000253a0180000)

Polling page: 0x0000025386820000

Metaspace:

Usage:
  Non-class:     79.88 MB capacity,    78.55 MB ( 98%) used,     1.08 MB (  1%) free+waste,   262.56 KB ( <1%) overhead. 
      Class:     12.37 MB capacity,    11.54 MB ( 93%) used,   729.62 KB (  6%) free+waste,   117.69 KB ( <1%) overhead. 
       Both:     92.25 MB capacity,    90.09 MB ( 98%) used,     1.79 MB (  2%) free+waste,   380.25 KB ( <1%) overhead. 

Virtual space:
  Non-class space:       82.00 MB reserved,      80.09 MB ( 98%) committed 
      Class space:        1.00 GB reserved,      12.45 MB (  1%) committed 
             Both:        1.08 GB reserved,      92.54 MB (  8%) committed 

Chunk freelists:
   Non-Class:  24.00 KB
       Class:  5.00 KB
        Both:  29.00 KB

MaxMetaspaceSize: 17179869184.00 GB
CompressedClassSpaceSize: 1.00 GB
Initial GC threshold: 20.80 MB
Current GC threshold: 109.23 MB
CDS: off

CodeHeap 'non-profiled nmethods': size=120064Kb used=6182Kb max_used=6182Kb free=113882Kb
 bounds [0x0000025394040000, 0x0000025394650000, 0x000002539b580000]
CodeHeap 'profiled nmethods': size=120000Kb used=22867Kb max_used=22867Kb free=97132Kb
 bounds [0x000002538cb10000, 0x000002538e170000, 0x0000025394040000]
CodeHeap 'non-nmethods': size=5696Kb used=2385Kb max_used=2425Kb free=3310Kb
 bounds [0x000002538c580000, 0x000002538c7f0000, 0x000002538cb10000]
 total_blobs=11958 nmethods=11049 adapters=820
 compilation: enabled
              stopped_count=0, restarted_count=0
 full_count=0

Compilation events (20 events):
Event: 18.197 Thread 0x00000253a2e24000 nmethod 11136 0x0000025394643590 code [0x0000025394643780, 0x0000025394644498]
Event: 18.198 Thread 0x00000253a2e24000 11132       4       org.gradle.internal.hash.Hashing$MessageDigestHasher::getDigest (22 bytes)
Event: 18.198 Thread 0x00000253a2e24000 nmethod 11132 0x0000025394644b90 code [0x0000025394644d20, 0x0000025394644d98]
Event: 18.198 Thread 0x00000253a2e24000 11131       4       org.gradle.internal.snapshot.VfsRelativePath::determineOffset (34 bytes)
Event: 18.201 Thread 0x00000253a2e24000 nmethod 11131 0x0000025394644e90 code [0x0000025394645020, 0x0000025394645118]
Event: 18.201 Thread 0x00000253a2e24000 11130       4       com.google.common.collect.ImmutableMap$Builder::build (135 bytes)
Event: 18.209 Thread 0x00000253a2e24000 nmethod 11130 0x0000025394645310 code [0x00000253946454c0, 0x0000025394645828]
Event: 18.209 Thread 0x00000253a2e24000 11166       4       jdk.internal.loader.BuiltinClassLoader::loadClass (22 bytes)
Event: 18.211 Thread 0x00000253a2e24000 nmethod 11166 0x0000025394645a90 code [0x0000025394645c40, 0x0000025394645d78]
Event: 18.211 Thread 0x00000253a2e24000 11125       4       org.gradle.internal.Try$Success::mapFailure (2 bytes)
Event: 18.212 Thread 0x00000253a2e24000 nmethod 11125 0x0000025394645e90 code [0x0000025394646020, 0x0000025394646078]
Event: 18.212 Thread 0x00000253a2e24000 11171       4       org.gradle.api.internal.attributes.EmptySchema::compatibilityRules (5 bytes)
Event: 18.212 Thread 0x00000253a2e24000 nmethod 11171 0x0000025394646190 code [0x0000025394646320, 0x0000025394646398]
Event: 18.212 Thread 0x00000253a2e24000 11174       4       org.gradle.api.internal.artifacts.transform.TransformationSubject$InitialArtifactTransformationSubject::getInitialComponentIdentifier (15 bytes)
Event: 18.213 Thread 0x00000253a2e24000 nmethod 11174 0x0000025394646490 code [0x0000025394646620, 0x00000253946466b8]
Event: 18.213 Thread 0x00000253a2e24000 11176       4       com.google.common.collect.ImmutableMultimap$EntryCollection::size (8 bytes)
Event: 18.214 Thread 0x00000253a2e24000 nmethod 11176 0x0000025394646790 code [0x0000025394646920, 0x0000025394646998]
Event: 18.214 Thread 0x00000253a2e26000 11177       3       kotlin.reflect.jvm.internal.impl.name.FqNameUnsafe::hashCode (8 bytes)
Event: 18.215 Thread 0x00000253a2e26000 nmethod 11177 0x000002538e162b90 code [0x000002538e162d40, 0x000002538e162e68]
Event: 18.216 Thread 0x00000253a2e24000 11178   !   4       org.gradle.cache.internal.DefaultCacheAccess::getFileLock (97 bytes)

GC Heap History (20 events):
Event: 3.546 GC heap before
{Heap before GC invocations=3 (full 0):
 garbage-first heap   total 253952K, used 29427K [0x0000000080000000, 0x0000000100000000)
  region size 1024K, 24 young (24576K), 12 survivors (12288K)
 Metaspace       used 22131K, capacity 22618K, committed 22780K, reserved 1069056K
  class space    used 2772K, capacity 2934K, committed 2944K, reserved 1048576K
}
Event: 3.556 GC heap after
{Heap after GC invocations=4 (full 0):
 garbage-first heap   total 253952K, used 17561K [0x0000000080000000, 0x0000000100000000)
  region size 1024K, 1 young (1024K), 1 survivors (1024K)
 Metaspace       used 22131K, capacity 22618K, committed 22780K, reserved 1069056K
  class space    used 2772K, capacity 2934K, committed 2944K, reserved 1048576K
}
Event: 4.672 GC heap before
{Heap before GC invocations=4 (full 0):
 garbage-first heap   total 253952K, used 92313K [0x0000000080000000, 0x0000000100000000)
  region size 1024K, 74 young (75776K), 1 survivors (1024K)
 Metaspace       used 29212K, capacity 29884K, committed 30080K, reserved 1075200K
  class space    used 3851K, capacity 4107K, committed 4224K, reserved 1048576K
}
Event: 4.678 GC heap after
{Heap after GC invocations=5 (full 0):
 garbage-first heap   total 253952K, used 19727K [0x0000000080000000, 0x0000000100000000)
  region size 1024K, 3 young (3072K), 3 survivors (3072K)
 Metaspace       used 29212K, capacity 29884K, committed 30080K, reserved 1075200K
  class space    used 3851K, capacity 4107K, committed 4224K, reserved 1048576K
}
Event: 5.359 GC heap before
{Heap before GC invocations=5 (full 0):
 garbage-first heap   total 253952K, used 47375K [0x0000000080000000, 0x0000000100000000)
  region size 1024K, 31 young (31744K), 3 survivors (3072K)
 Metaspace       used 35201K, capacity 35978K, committed 36048K, reserved 1081344K
  class space    used 4526K, capacity 4840K, committed 4864K, reserved 1048576K
}
Event: 5.369 GC heap after
{Heap after GC invocations=6 (full 0):
 garbage-first heap   total 253952K, used 22407K [0x0000000080000000, 0x0000000100000000)
  region size 1024K, 6 young (6144K), 6 survivors (6144K)
 Metaspace       used 35201K, capacity 35978K, committed 36048K, reserved 1081344K
  class space    used 4526K, capacity 4840K, committed 4864K, reserved 1048576K
}
Event: 6.446 GC heap before
{Heap before GC invocations=7 (full 0):
 garbage-first heap   total 253952K, used 97159K [0x0000000080000000, 0x0000000100000000)
  region size 1024K, 76 young (77824K), 6 survivors (6144K)
 Metaspace       used 40757K, capacity 41748K, committed 41884K, reserved 1085440K
  class space    used 5150K, capacity 5520K, committed 5580K, reserved 1048576K
}
Event: 6.460 GC heap after
{Heap after GC invocations=8 (full 0):
 garbage-first heap   total 253952K, used 28119K [0x0000000080000000, 0x0000000100000000)
  region size 1024K, 10 young (10240K), 10 survivors (10240K)
 Metaspace       used 40757K, capacity 41748K, committed 41884K, reserved 1085440K
  class space    used 5150K, capacity 5520K, committed 5580K, reserved 1048576K
}
Event: 7.896 GC heap before
{Heap before GC invocations=8 (full 0):
 garbage-first heap   total 253952K, used 124375K [0x0000000080000000, 0x0000000100000000)
  region size 1024K, 104 young (106496K), 10 survivors (10240K)
 Metaspace       used 48064K, capacity 49220K, committed 49564K, reserved 1091584K
  class space    used 6088K, capacity 6510K, committed 6604K, reserved 1048576K
}
Event: 7.913 GC heap after
{Heap after GC invocations=9 (full 0):
 garbage-first heap   total 253952K, used 31864K [0x0000000080000000, 0x0000000100000000)
  region size 1024K, 9 young (9216K), 9 survivors (9216K)
 Metaspace       used 48064K, capacity 49220K, committed 49564K, reserved 1091584K
  class space    used 6088K, capacity 6510K, committed 6604K, reserved 1048576K
}
Event: 9.776 GC heap before
{Heap before GC invocations=9 (full 0):
 garbage-first heap   total 253952K, used 134264K [0x0000000080000000, 0x0000000100000000)
  region size 1024K, 106 young (108544K), 9 survivors (9216K)
 Metaspace       used 59043K, capacity 60527K, committed 60636K, reserved 1101824K
  class space    used 7460K, capacity 7982K, committed 8012K, reserved 1048576K
}
Event: 9.797 GC heap after
{Heap after GC invocations=10 (full 0):
 garbage-first heap   total 253952K, used 44806K [0x0000000080000000, 0x0000000100000000)
  region size 1024K, 13 young (13312K), 13 survivors (13312K)
 Metaspace       used 59043K, capacity 60527K, committed 60636K, reserved 1101824K
  class space    used 7460K, capacity 7982K, committed 8012K, reserved 1048576K
}
Event: 11.415 GC heap before
{Heap before GC invocations=11 (full 0):
 garbage-first heap   total 253952K, used 164614K [0x0000000080000000, 0x0000000100000000)
  region size 1024K, 123 young (125952K), 13 survivors (13312K)
 Metaspace       used 65080K, capacity 66621K, committed 66856K, reserved 1107968K
  class space    used 8225K, capacity 8781K, committed 8908K, reserved 1048576K
}
Event: 11.464 GC heap after
{Heap after GC invocations=12 (full 0):
 garbage-first heap   total 253952K, used 53248K [0x0000000080000000, 0x0000000100000000)
  region size 1024K, 16 young (16384K), 16 survivors (16384K)
 Metaspace       used 65080K, capacity 66621K, committed 66856K, reserved 1107968K
  class space    used 8225K, capacity 8781K, committed 8908K, reserved 1048576K
}
Event: 13.311 GC heap before
{Heap before GC invocations=13 (full 0):
 garbage-first heap   total 253952K, used 166912K [0x0000000080000000, 0x0000000100000000)
  region size 1024K, 127 young (130048K), 16 survivors (16384K)
 Metaspace       used 75994K, capacity 77741K, committed 77992K, reserved 1116160K
  class space    used 9897K, capacity 10560K, committed 10572K, reserved 1048576K
}
Event: 13.335 GC heap after
{Heap after GC invocations=14 (full 0):
 garbage-first heap   total 253952K, used 60416K [0x0000000080000000, 0x0000000100000000)
  region size 1024K, 15 young (15360K), 15 survivors (15360K)
 Metaspace       used 75994K, capacity 77741K, committed 77992K, reserved 1116160K
  class space    used 9897K, capacity 10560K, committed 10572K, reserved 1048576K
}
Event: 15.385 GC heap before
{Heap before GC invocations=14 (full 0):
 garbage-first heap   total 253952K, used 176128K [0x0000000080000000, 0x0000000100000000)
  region size 1024K, 127 young (130048K), 15 survivors (15360K)
 Metaspace       used 83296K, capacity 85313K, committed 85544K, reserved 1124352K
  class space    used 10833K, capacity 11614K, committed 11724K, reserved 1048576K
}
Event: 15.415 GC heap after
{Heap after GC invocations=15 (full 0):
 garbage-first heap   total 253952K, used 71938K [0x0000000080000000, 0x0000000100000000)
  region size 1024K, 16 young (16384K), 16 survivors (16384K)
 Metaspace       used 83296K, capacity 85313K, committed 85544K, reserved 1124352K
  class space    used 10833K, capacity 11614K, committed 11724K, reserved 1048576K
}
Event: 17.364 GC heap before
{Heap before GC invocations=15 (full 0):
 garbage-first heap   total 253952K, used 198914K [0x0000000080000000, 0x0000000100000000)
  region size 1024K, 124 young (126976K), 16 survivors (16384K)
 Metaspace       used 89973K, capacity 92197K, committed 92456K, reserved 1130496K
  class space    used 11553K, capacity 12384K, committed 12492K, reserved 1048576K
}
Event: 17.392 GC heap after
{Heap after GC invocations=16 (full 0):
 garbage-first heap   total 305152K, used 72192K [0x0000000080000000, 0x0000000100000000)
  region size 1024K, 5 young (5120K), 5 survivors (5120K)
 Metaspace       used 89973K, capacity 92197K, committed 92456K, reserved 1130496K
  class space    used 11553K, capacity 12384K, committed 12492K, reserved 1048576K
}

Deoptimization events (20 events):
Event: 17.876 Thread 0x00000253aa3b4000 DEOPT PACKING pc=0x000002539461210c sp=0x000000866b9f9720
Event: 17.876 Thread 0x00000253aa3b4000 DEOPT UNPACKING pc=0x000002538c5ca1af sp=0x000000866b9f96c8 mode 2
Event: 17.895 Thread 0x00000253a8326000 DEOPT PACKING pc=0x000002538d2a0104 sp=0x000000866bafda20
Event: 17.895 Thread 0x00000253a8326000 DEOPT UNPACKING pc=0x000002538c5ca95e sp=0x000000866bafcf18 mode 0
Event: 17.900 Thread 0x00000253a8326000 Uncommon trap: trap_request=0xffffffc6 fr.pc=0x00000253944ddd08 relative=0x00000000000000c8
Event: 17.900 Thread 0x00000253a8326000 Uncommon trap: reason=bimorphic_or_optimized_type_check action=maybe_recompile pc=0x00000253944ddd08 method=com.google.common.collect.RegularImmutableMap.checkNoConflictInKeyBucket(Ljava/lang/Object;Ljava/util/Map$Entry;Lcom/google/common/collect/Immutabl
Event: 17.900 Thread 0x00000253a8326000 DEOPT PACKING pc=0x00000253944ddd08 sp=0x000000866bafccb0
Event: 17.900 Thread 0x00000253a8326000 DEOPT UNPACKING pc=0x000002538c5ca1af sp=0x000000866bafcc58 mode 2
Event: 17.917 Thread 0x00000253a599b800 DEOPT PACKING pc=0x000002538d4a53cb sp=0x0000008667cfdeb0
Event: 17.917 Thread 0x00000253a599b800 DEOPT UNPACKING pc=0x000002538c5ca95e sp=0x0000008667cfd370 mode 0
Event: 17.917 Thread 0x00000253a599b800 DEOPT PACKING pc=0x000002538d4a63ad sp=0x0000008667cfde20
Event: 17.917 Thread 0x00000253a599b800 DEOPT UNPACKING pc=0x000002538c5ca95e sp=0x0000008667cfd2e8 mode 0
Event: 17.949 Thread 0x00000253a6838000 DEOPT PACKING pc=0x000002538dca4a1d sp=0x00000086687fe040
Event: 17.949 Thread 0x00000253a6838000 DEOPT UNPACKING pc=0x000002538c5ca95e sp=0x00000086687fd508 mode 0
Event: 18.027 Thread 0x00000253a8326000 Uncommon trap: trap_request=0xffffffc6 fr.pc=0x00000253944ddd08 relative=0x00000000000000c8
Event: 18.027 Thread 0x00000253a8326000 Uncommon trap: reason=bimorphic_or_optimized_type_check action=maybe_recompile pc=0x00000253944ddd08 method=com.google.common.collect.RegularImmutableMap.checkNoConflictInKeyBucket(Ljava/lang/Object;Ljava/util/Map$Entry;Lcom/google/common/collect/Immutabl
Event: 18.027 Thread 0x00000253a8326000 DEOPT PACKING pc=0x00000253944ddd08 sp=0x000000866bafccb0
Event: 18.027 Thread 0x00000253a8326000 DEOPT UNPACKING pc=0x000002538c5ca1af sp=0x000000866bafcc58 mode 2
Event: 18.080 Thread 0x00000253a6838000 DEOPT PACKING pc=0x000002538dca4a1d sp=0x00000086687fe140
Event: 18.080 Thread 0x00000253a6838000 DEOPT UNPACKING pc=0x000002538c5ca95e sp=0x00000086687fd608 mode 0

Classes redefined (0 events):
No events

Internal exceptions (20 events):
Event: 14.472 Thread 0x00000253a8326000 Exception <a 'java/lang/NoSuchMethodError'{0x000000008bc6c738}: 'java.lang.Object java.lang.invoke.DirectMethodHandle$Holder.invokeSpecialIFC(java.lang.Object, java.lang.Object, java.lang.Object)'> (0x000000008bc6c738) thrown at [./src/hotspot/share/interpreter/linkResolver.cpp, line 773]
Event: 15.168 Thread 0x00000253a8326000 Exception <a 'java/lang/NoSuchMethodError'{0x0000000088f449a0}: 'void java.lang.invoke.DirectMethodHandle$Holder.invokeInterface(java.lang.Object, java.lang.Object, java.lang.Object, java.lang.Object)'> (0x0000000088f449a0) thrown at [./src/hotspot/share/interpreter/linkResolver.cpp, line 773]
Event: 15.203 Thread 0x00000253a8326000 Exception <a 'java/lang/NoSuchMethodError'{0x0000000088e76f68}: 'void java.lang.invoke.DirectMethodHandle$Holder.invokeVirtual(java.lang.Object, java.lang.Object)'> (0x0000000088e76f68) thrown at [./src/hotspot/share/interpreter/linkResolver.cpp, line 773]
Event: 15.817 Thread 0x00000253a8326000 Implicit null exception at 0x000002539454b67d to 0x000002539454bfcf
Event: 16.339 Thread 0x00000253a8326000 Exception <a 'java/lang/NoSuchMethodError'{0x000000008c267020}: <clinit>> (0x000000008c267020) thrown at [./src/hotspot/share/prims/jni.cpp, line 1366]
Event: 16.347 Thread 0x00000253a8326000 Exception <a 'java/lang/NoSuchMethodError'{0x000000008c2d83f0}: <clinit>> (0x000000008c2d83f0) thrown at [./src/hotspot/share/prims/jni.cpp, line 1366]
Event: 16.354 Thread 0x00000253a8326000 Exception <a 'java/lang/NoSuchMethodError'{0x000000008c118320}: <clinit>> (0x000000008c118320) thrown at [./src/hotspot/share/prims/jni.cpp, line 1366]
Event: 16.519 Thread 0x00000253aa3b4000 Exception <a 'java/lang/NoSuchMethodError'{0x000000008b9f67a8}: 'java.lang.Object java.lang.invoke.DirectMethodHandle$Holder.newInvokeSpecial(java.lang.Object, java.lang.Object, java.lang.Object, java.lang.Object)'> (0x000000008b9f67a8) thrown at [./src/hotspot/share/interpreter/linkResolver.cpp, line 773]
Event: 17.035 Thread 0x00000253a44e7000 Implicit null exception at 0x00000253945c4735 to 0x00000253945c4c7c
Event: 17.035 Thread 0x00000253aa3aa000 Implicit null exception at 0x00000253945c4735 to 0x00000253945c4c7c
Event: 17.035 Thread 0x00000253a44eb000 Implicit null exception at 0x00000253945c4735 to 0x00000253945c4c7c
Event: 17.105 Thread 0x00000253a44ea000 Implicit null exception at 0x00000253945cb62a to 0x00000253945cbcfc
Event: 17.708 Thread 0x00000253aa3b4000 Exception <a 'java/lang/NoSuchMethodError'{0x0000000091824918}: <clinit>> (0x0000000091824918) thrown at [./src/hotspot/share/prims/jni.cpp, line 1366]
Event: 17.709 Thread 0x00000253aa3b4000 Exception <a 'java/lang/NoSuchMethodError'{0x00000000918261b0}: <clinit>> (0x00000000918261b0) thrown at [./src/hotspot/share/prims/jni.cpp, line 1366]
Event: 17.709 Thread 0x00000253aa3b4000 Exception <a 'java/lang/NoSuchMethodError'{0x0000000091829058}: <clinit>> (0x0000000091829058) thrown at [./src/hotspot/share/prims/jni.cpp, line 1366]
Event: 17.711 Thread 0x00000253aa3b4000 Exception <a 'java/lang/NoSuchMethodError'{0x0000000091844830}: <clinit>> (0x0000000091844830) thrown at [./src/hotspot/share/prims/jni.cpp, line 1366]
Event: 17.711 Thread 0x00000253aa3b4000 Exception <a 'java/lang/NoSuchMethodError'{0x0000000091845d10}: <clinit>> (0x0000000091845d10) thrown at [./src/hotspot/share/prims/jni.cpp, line 1366]
Event: 17.883 Thread 0x00000253aa3b4000 Exception <a 'java/lang/NoSuchMethodError'{0x0000000090653fb0}: <clinit>> (0x0000000090653fb0) thrown at [./src/hotspot/share/prims/jni.cpp, line 1366]
Event: 17.889 Thread 0x00000253aa3b4000 Exception <a 'java/lang/NoSuchMethodError'{0x0000000090697588}: <clinit>> (0x0000000090697588) thrown at [./src/hotspot/share/prims/jni.cpp, line 1366]
Event: 17.890 Thread 0x00000253aa3b4000 Exception <a 'java/lang/NoSuchMethodError'{0x00000000906aba50}: <clinit>> (0x00000000906aba50) thrown at [./src/hotspot/share/prims/jni.cpp, line 1366]

Events (20 events):
Event: 18.216 loading class kotlin/reflect/jvm/internal/impl/load/java/AnnotationTypeQualifierResolver$resolvedNicknames$1
Event: 18.216 loading class kotlin/reflect/jvm/internal/impl/load/java/AnnotationTypeQualifierResolver$resolvedNicknames$1 done
Event: 18.217 loading class kotlin/reflect/jvm/internal/impl/load/java/lazy/JavaResolverComponents
Event: 18.217 loading class kotlin/reflect/jvm/internal/impl/load/java/lazy/JavaResolverComponents done
Event: 18.218 loading class kotlin/reflect/jvm/internal/impl/descriptors/runtime/components/ReflectJavaClassFinder
Event: 18.218 loading class kotlin/reflect/jvm/internal/impl/descriptors/runtime/components/ReflectJavaClassFinder done
Event: 18.219 loading class kotlin/reflect/jvm/internal/impl/load/java/JavaClassFinder
Event: 18.219 loading class kotlin/reflect/jvm/internal/impl/load/java/JavaClassFinder done
Event: 18.219 loading class kotlin/reflect/jvm/internal/impl/load/java/components/SignaturePropagator
Event: 18.219 loading class kotlin/reflect/jvm/internal/impl/load/java/components/SignaturePropagator done
Event: 18.220 loading class kotlin/reflect/jvm/internal/impl/load/java/components/SignaturePropagator$1
Event: 18.220 loading class kotlin/reflect/jvm/internal/impl/load/java/components/SignaturePropagator$1 done
Event: 18.220 loading class kotlin/reflect/jvm/internal/impl/descriptors/runtime/components/RuntimeErrorReporter
Event: 18.220 loading class kotlin/reflect/jvm/internal/impl/descriptors/runtime/components/RuntimeErrorReporter done
Event: 18.221 loading class kotlin/reflect/jvm/internal/impl/serialization/deserialization/ErrorReporter
Event: 18.221 loading class kotlin/reflect/jvm/internal/impl/serialization/deserialization/ErrorReporter done
Event: 18.221 loading class kotlin/reflect/jvm/internal/impl/load/java/components/JavaResolverCache
Event: 18.221 loading class kotlin/reflect/jvm/internal/impl/load/java/components/JavaResolverCache done
Event: 18.222 loading class kotlin/reflect/jvm/internal/impl/load/java/components/JavaResolverCache$1
Event: 18.222 loading class kotlin/reflect/jvm/internal/impl/load/java/components/JavaResolverCache$1 done


Dynamic libraries:
0x00007ff7fa010000 - 0x00007ff7fa01a000 	C:\Program Files\Android\Android Studio\jre\bin\java.exe
0x00007ff840390000 - 0x00007ff840588000 	C:\Windows\SYSTEM32\ntdll.dll
0x00007ff8401a0000 - 0x00007ff84025f000 	C:\Windows\System32\KERNEL32.DLL
0x00007ff83ddb0000 - 0x00007ff83e082000 	C:\Windows\System32\KERNELBASE.dll
0x00007ff83e1a0000 - 0x00007ff83e2a0000 	C:\Windows\System32\ucrtbase.dll
0x00007ff826120000 - 0x00007ff826137000 	C:\Program Files\Android\Android Studio\jre\bin\VCRUNTIME140.dll
0x00007ff818a20000 - 0x00007ff818a39000 	C:\Program Files\Android\Android Studio\jre\bin\jli.dll
0x00007ff83f0c0000 - 0x00007ff83f25d000 	C:\Windows\System32\USER32.dll
0x00007ff83dcf0000 - 0x00007ff83dd12000 	C:\Windows\System32\win32u.dll
0x00007ff83fd00000 - 0x00007ff83fd2b000 	C:\Windows\System32\GDI32.dll
0x00007ff83e090000 - 0x00007ff83e19f000 	C:\Windows\System32\gdi32full.dll
0x00007ff83e340000 - 0x00007ff83e3dd000 	C:\Windows\System32\msvcp_win.dll
0x00007ff8255b0000 - 0x00007ff82584a000 	C:\Windows\WinSxS\amd64_microsoft.windows.common-controls_6595b64144ccf1df_6.0.19041.1110_none_60b5254171f9507e\COMCTL32.dll
0x00007ff83fe10000 - 0x00007ff83feae000 	C:\Windows\System32\msvcrt.dll
0x00007ff83f730000 - 0x00007ff83f762000 	C:\Windows\System32\IMM32.DLL
0x00007ff80ccd0000 - 0x00007ff80cd6d000 	C:\Program Files\Android\Android Studio\jre\bin\msvcp140.dll
0x00007fffd5530000 - 0x00007fffd6032000 	C:\Program Files\Android\Android Studio\jre\bin\server\jvm.dll
0x00007ff83f010000 - 0x00007ff83f0be000 	C:\Windows\System32\ADVAPI32.dll
0x00007ff83f420000 - 0x00007ff83f4bc000 	C:\Windows\System32\sechost.dll
0x00007ff83ff60000 - 0x00007ff840085000 	C:\Windows\System32\RPCRT4.dll
0x00007ff83f410000 - 0x00007ff83f418000 	C:\Windows\System32\PSAPI.DLL
0x00007ff838ed0000 - 0x00007ff838ed9000 	C:\Windows\SYSTEM32\WSOCK32.dll
0x00007ff828bd0000 - 0x00007ff828bf7000 	C:\Windows\SYSTEM32\WINMM.dll
0x00007ff833610000 - 0x00007ff83361a000 	C:\Windows\SYSTEM32\VERSION.dll
0x00007ff8402e0000 - 0x00007ff84034b000 	C:\Windows\System32\WS2_32.dll
0x00007ff83c2e0000 - 0x00007ff83c2f2000 	C:\Windows\SYSTEM32\kernel.appcore.dll
0x00007ff82e450000 - 0x00007ff82e461000 	C:\Program Files\Android\Android Studio\jre\bin\verify.dll
0x00007ff828920000 - 0x00007ff828b04000 	C:\Windows\SYSTEM32\DBGHELP.DLL
0x00007ff81f520000 - 0x00007ff81f54c000 	C:\Windows\SYSTEM32\dbgcore.DLL
0x00007ff83dd20000 - 0x00007ff83dda2000 	C:\Windows\System32\bcryptPrimitives.dll
0x00007ff82abc0000 - 0x00007ff82abe9000 	C:\Program Files\Android\Android Studio\jre\bin\java.dll
0x00007ff838de0000 - 0x00007ff838deb000 	C:\Program Files\Android\Android Studio\jre\bin\jimage.dll
0x00007ff82aa50000 - 0x00007ff82aa68000 	C:\Program Files\Android\Android Studio\jre\bin\zip.dll
0x00007ff83e3e0000 - 0x00007ff83eb23000 	C:\Windows\System32\SHELL32.dll
0x00007ff83bb30000 - 0x00007ff83c2c2000 	C:\Windows\SYSTEM32\windows.storage.dll
0x00007ff83eb30000 - 0x00007ff83ee84000 	C:\Windows\System32\combase.dll
0x00007ff83d4f0000 - 0x00007ff83d520000 	C:\Windows\SYSTEM32\Wldp.dll
0x00007ff83feb0000 - 0x00007ff83ff5d000 	C:\Windows\System32\SHCORE.dll
0x00007ff83ee90000 - 0x00007ff83eee5000 	C:\Windows\System32\shlwapi.dll
0x00007ff83d9d0000 - 0x00007ff83d9ef000 	C:\Windows\SYSTEM32\profapi.dll
0x00007ff82aa30000 - 0x00007ff82aa4a000 	C:\Program Files\Android\Android Studio\jre\bin\net.dll
0x00007ff82b2b0000 - 0x00007ff82b3bc000 	C:\Windows\SYSTEM32\WINHTTP.dll
0x00007ff83d250000 - 0x00007ff83d2ba000 	C:\Windows\system32\mswsock.dll
0x00007ff82aa10000 - 0x00007ff82aa24000 	C:\Program Files\Android\Android Studio\jre\bin\nio.dll
0x00007ff8285b0000 - 0x00007ff8285d7000 	C:\Users\TAJIRZ\.gradle\native\e1d6ef7f7dcc3fd88c89a11ec53ec762bb8ba0a96d01ffa2cd45eb1d1d8dd5c5\windows-amd64\native-platform.dll
0x00007ffff9620000 - 0x00007ffff9764000 	C:\Users\TAJIRZ\.gradle\native\0d407fdbe67a94daf76414ababcb853783967236a71b16ec16e742cd7a986fd3\windows-amd64\native-platform-file-events.dll
0x00007ff838db0000 - 0x00007ff838dba000 	C:\Program Files\Android\Android Studio\jre\bin\management.dll
0x00007ff837760000 - 0x00007ff83776d000 	C:\Program Files\Android\Android Studio\jre\bin\management_ext.dll
0x00007ff83d450000 - 0x00007ff83d468000 	C:\Windows\SYSTEM32\CRYPTSP.dll
0x00007ff83cb00000 - 0x00007ff83cb34000 	C:\Windows\system32\rsaenh.dll
0x00007ff83e310000 - 0x00007ff83e337000 	C:\Windows\System32\bcrypt.dll
0x00007ff83d990000 - 0x00007ff83d9be000 	C:\Windows\SYSTEM32\USERENV.dll
0x00007ff83d440000 - 0x00007ff83d44c000 	C:\Windows\SYSTEM32\CRYPTBASE.dll
0x00007ff83cef0000 - 0x00007ff83cf2b000 	C:\Windows\SYSTEM32\IPHLPAPI.DLL
0x00007ff83fd30000 - 0x00007ff83fd38000 	C:\Windows\System32\NSI.dll
0x00007ff8336b0000 - 0x00007ff8336c7000 	C:\Windows\SYSTEM32\dhcpcsvc6.DLL
0x00007ff833690000 - 0x00007ff8336ad000 	C:\Windows\SYSTEM32\dhcpcsvc.DLL
0x00007ff83cf30000 - 0x00007ff83cffa000 	C:\Windows\SYSTEM32\DNSAPI.dll
0x00007ff83cc20000 - 0x00007ff83cc53000 	C:\Windows\SYSTEM32\ntmarta.dll

dbghelp: loaded successfully - version: 4.0.5 - missing functions: none
symbol engine: initialized successfully - sym options: 0x614 - pdb path: .;C:\Program Files\Android\Android Studio\jre\bin;C:\Windows\SYSTEM32;C:\Windows\WinSxS\amd64_microsoft.windows.common-controls_6595b64144ccf1df_6.0.19041.1110_none_60b5254171f9507e;C:\Program Files\Android\Android Studio\jre\bin\server;C:\Users\TAJIRZ\.gradle\native\e1d6ef7f7dcc3fd88c89a11ec53ec762bb8ba0a96d01ffa2cd45eb1d1d8dd5c5\windows-amd64;C:\Users\TAJIRZ\.gradle\native\0d407fdbe67a94daf76414ababcb853783967236a71b16ec16e742cd7a986fd3\windows-amd64

VM Arguments:
jvm_args: --add-opens=java.base/java.util=ALL-UNNAMED --add-opens=java.base/java.lang=ALL-UNNAMED --add-opens=java.base/java.lang.invoke=ALL-UNNAMED --add-opens=java.base/java.util=ALL-UNNAMED --add-opens=java.prefs/java.util.prefs=ALL-UNNAMED --add-opens=java.prefs/java.util.prefs=ALL-UNNAMED --add-opens=java.base/java.nio.charset=ALL-UNNAMED --add-opens=java.base/java.net=ALL-UNNAMED --add-opens=java.base/java.util.concurrent.atomic=ALL-UNNAMED -Xmx2048m -Dfile.encoding=UTF-8 -Duser.country=US -Duser.language=en -Duser.variant 
java_command: org.gradle.launcher.daemon.bootstrap.GradleDaemon 7.4
java_class_path (initial): C:\Users\TAJIRZ\.gradle\wrapper\dists\gradle-7.4-bin\c0gwcg53nkjbqw7r0h0umtfvt\gradle-7.4\lib\gradle-launcher-7.4.jar
Launcher Type: SUN_STANDARD

[Global flags]
     intx CICompilerCount                          = 3                                         {product} {ergonomic}
     uint ConcGCThreads                            = 1                                         {product} {ergonomic}
     uint G1ConcRefinementThreads                  = 4                                         {product} {ergonomic}
   size_t G1HeapRegionSize                         = 1048576                                   {product} {ergonomic}
    uintx GCDrainStackTargetSize                   = 64                                        {product} {ergonomic}
   size_t InitialHeapSize                          = 260046848                                 {product} {ergonomic}
   size_t MarkStackSize                            = 4194304                                   {product} {ergonomic}
   size_t MaxHeapSize                              = 2147483648                                {product} {command line}
   size_t MaxNewSize                               = 1287651328                                {product} {ergonomic}
   size_t MinHeapDeltaBytes                        = 1048576                                   {product} {ergonomic}
    uintx NonNMethodCodeHeapSize                   = 5830732                                {pd product} {ergonomic}
    uintx NonProfiledCodeHeapSize                  = 122913754                              {pd product} {ergonomic}
    uintx ProfiledCodeHeapSize                     = 122913754                              {pd product} {ergonomic}
    uintx ReservedCodeCacheSize                    = 251658240                              {pd product} {ergonomic}
     bool SegmentedCodeCache                       = true                                      {product} {ergonomic}
     bool UseCompressedClassPointers               = true                                 {lp64_product} {ergonomic}
     bool UseCompressedOops                        = true                                 {lp64_product} {ergonomic}
     bool UseG1GC                                  = true                                      {product} {ergonomic}
     bool UseLargePagesIndividualAllocation        = false                                  {pd product} {ergonomic}

Logging:
Log output configuration:
 #0: stdout all=warning uptime,level,tags
 #1: stderr all=off uptime,level,tags

Environment Variables:
PATH=C:\Program Files (x86)\Common Files\Oracle\Java\javapath;C:\Program Files (x86)\VMware\VMware Player\bin\;C:\Windows\system32;C:\Windows;C:\Windows\System32\Wbem;C:\Windows\System32\WindowsPowerShell\v1.0\;C:\Windows\System32\OpenSSH\;C:\Program Files\Git\cmd;C:\Users\TAJIRZ\AppData\Local\Microsoft\WindowsApps;C:\Users\TAJIRZ\AppData\Local\Programs\Microsoft VS Code\bin;C:\Users\TAJIRZ\AppData\Local\GitHubDesktop\bin
USERNAME=TAJIRZ
OS=Windows_NT
PROCESSOR_IDENTIFIER=Intel64 Family 6 Model 142 Stepping 9, GenuineIntel



---------------  S Y S T E M  ---------------

OS: Windows 10 , 64 bit Build 19041 (10.0.19041.2251)
OS uptime: 1 days 22:02 hours

CPU:total 4 (initial active 4) (2 cores per cpu, 2 threads per core) family 6 model 142 stepping 9 microcode 0xb4, cmov, cx8, fxsr, mmx, sse, sse2, sse3, ssse3, sse4.1, sse4.2, popcnt, avx, avx2, aes, clmul, erms, 3dnowpref, lzcnt, ht, tsc, tscinvbit, bmi1, bmi2, adx, fma

Memory: 4k page, system-wide physical 15830M (5075M free)
TotalPageFile size 15830M (AvailPageFile size 5M)
current process WorkingSet (physical memory assigned to process): 531M, peak: 531M
current process commit charge ("private bytes"): 586M, peak: 587M

vm_info: OpenJDK 64-Bit Server VM (11.0.13+0-b1751.21-8125866) for windows-amd64 JRE (11.0.13+0-b1751.21-8125866), built on Feb  2 2022 03:00:22 by "builder" with MS VC++ 14.0 (VS2015)

END.
